<?xml version="1.0" encoding="UTF-8"?>
<robot generator="Robot 4.1 (Python 3.9.6 on win32)" generated="20220127 14:56:41.800" rpa="false" schemaversion="2">
<suite id="s1" name="Webautomation" source="C:\Automacao\Projetos\Gerar aquivo de retorno\GeradorDeArquivos\Robot\tests\webautomation.robot">
<test id="s1-t1" name="Caso de Teste 01: Gerar arquivosde retorno">
<kw name="Abrir navegador" library="hooks" type="SETUP">
<kw name="Open Browser" library="SeleniumLibrary">
<arg>browser=${BROWSER}</arg>
<arg>options=add_experimental_option('excludeSwitches', ['enable-logging'])</arg>
<doc>Opens a new browser instance to the optional ``url``.</doc>
<msg timestamp="20220127 14:56:41.998" level="INFO">Opening browser 'chrome' to base url 'None'.</msg>
<status status="PASS" starttime="20220127 14:56:41.997" endtime="20220127 14:56:43.226"/>
</kw>
<kw name="Maximize Browser Window" library="SeleniumLibrary">
<doc>Maximizes current browser window.</doc>
<status status="PASS" starttime="20220127 14:56:43.227" endtime="20220127 14:56:43.342"/>
</kw>
<status status="PASS" starttime="20220127 14:56:41.997" endtime="20220127 14:56:43.343"/>
</kw>
<kw name="Dado que acesso a pagina" library="kws_webautomation">
<kw name="Go To" library="SeleniumLibrary">
<arg>${URL}</arg>
<doc>Navigates the current browser window to the provided ``url``.</doc>
<msg timestamp="20220127 14:56:43.345" level="INFO">Opening url 'file:///C:/Automacao/Projetos/Gerar%20aquivo%20de%20retorno/GeradorDeArquivos/Gerador%20de%20arquivo%20de%20retorno/gerar-arquivo-Retorno.html'</msg>
<status status="PASS" starttime="20220127 14:56:43.345" endtime="20220127 14:56:43.641"/>
</kw>
<kw name="Title Should Be" library="SeleniumLibrary">
<arg>${HOME.TITLE_PAGE_HOME}</arg>
<doc>Verifies that the current page title equals ``title``.</doc>
<msg timestamp="20220127 14:56:43.646" level="INFO">Page title is 'Gerador de arquivo de retorno'.</msg>
<status status="PASS" starttime="20220127 14:56:43.641" endtime="20220127 14:56:43.646"/>
</kw>
<status status="PASS" starttime="20220127 14:56:43.344" endtime="20220127 14:56:43.646"/>
</kw>
<kw name="Quando informo os titulos" library="kws_webautomation">
<for flavor="IN RANGE">
<var>${COUNT}</var>
<value>0</value>
<value>100000</value>
<iter>
<var name="${COUNT}">0</var>
<kw name="Click Button" library="SeleniumLibrary">
<arg>${HOME.BTN_ADC_TITULO}</arg>
<doc>Clicks the button identified by ``locator``.</doc>
<msg timestamp="20220127 14:56:43.650" level="INFO">Clicking button 'id=adc_titulo'.</msg>
<status status="PASS" starttime="20220127 14:56:43.649" endtime="20220127 14:56:43.701"/>
</kw>
<kw name="Log To Console" library="BuiltIn">
<arg>Estou no titulo n°: ${COUNT}</arg>
<doc>Logs the given message to the console.</doc>
<status status="PASS" starttime="20220127 14:56:43.702" endtime="20220127 14:56:43.702"/>
</kw>
<kw name="Run Keyword If" library="BuiltIn">
<arg>${COUNT} == 100000</arg>
<arg>Log</arg>
<arg>Acabou o loop!!!</arg>
<doc>Runs the given keyword with the given arguments, if ``condition`` is true.</doc>
<status status="PASS" starttime="20220127 14:56:43.702" endtime="20220127 14:56:43.703"/>
</kw>
<status status="PASS" starttime="20220127 14:56:43.648" endtime="20220127 14:56:43.703"/>
</iter>
<iter>
<var name="${COUNT}">1</var>
<kw name="Click Button" library="SeleniumLibrary">
<arg>${HOME.BTN_ADC_TITULO}</arg>
<doc>Clicks the button identified by ``locator``.</doc>
<msg timestamp="20220127 14:56:43.704" level="INFO">Clicking button 'id=adc_titulo'.</msg>
<status status="PASS" starttime="20220127 14:56:43.703" endtime="20220127 14:56:43.736"/>
</kw>
<kw name="Log To Console" library="BuiltIn">
<arg>Estou no titulo n°: ${COUNT}</arg>
<doc>Logs the given message to the console.</doc>
<status status="PASS" starttime="20220127 14:56:43.736" endtime="20220127 14:56:43.736"/>
</kw>
<kw name="Run Keyword If" library="BuiltIn">
<arg>${COUNT} == 100000</arg>
<arg>Log</arg>
<arg>Acabou o loop!!!</arg>
<doc>Runs the given keyword with the given arguments, if ``condition`` is true.</doc>
<status status="PASS" starttime="20220127 14:56:43.736" endtime="20220127 14:56:43.737"/>
</kw>
<status status="PASS" starttime="20220127 14:56:43.703" endtime="20220127 14:56:43.737"/>
</iter>
<iter>
<var name="${COUNT}">2</var>
<kw name="Click Button" library="SeleniumLibrary">
<arg>${HOME.BTN_ADC_TITULO}</arg>
<doc>Clicks the button identified by ``locator``.</doc>
<msg timestamp="20220127 14:56:43.738" level="INFO">Clicking button 'id=adc_titulo'.</msg>
<status status="PASS" starttime="20220127 14:56:43.737" endtime="20220127 14:56:43.767"/>
</kw>
<kw name="Log To Console" library="BuiltIn">
<arg>Estou no titulo n°: ${COUNT}</arg>
<doc>Logs the given message to the console.</doc>
<status status="PASS" starttime="20220127 14:56:43.767" endtime="20220127 14:56:43.767"/>
</kw>
<kw name="Run Keyword If" library="BuiltIn">
<arg>${COUNT} == 100000</arg>
<arg>Log</arg>
<arg>Acabou o loop!!!</arg>
<doc>Runs the given keyword with the given arguments, if ``condition`` is true.</doc>
<status status="PASS" starttime="20220127 14:56:43.767" endtime="20220127 14:56:43.767"/>
</kw>
<status status="PASS" starttime="20220127 14:56:43.737" endtime="20220127 14:56:43.767"/>
</iter>
<iter>
<var name="${COUNT}">3</var>
<kw name="Click Button" library="SeleniumLibrary">
<arg>${HOME.BTN_ADC_TITULO}</arg>
<doc>Clicks the button identified by ``locator``.</doc>
<msg timestamp="20220127 14:56:43.767" level="INFO">Clicking button 'id=adc_titulo'.</msg>
<status status="PASS" starttime="20220127 14:56:43.767" endtime="20220127 14:56:43.797"/>
</kw>
<kw name="Log To Console" library="BuiltIn">
<arg>Estou no titulo n°: ${COUNT}</arg>
<doc>Logs the given message to the console.</doc>
<status status="PASS" starttime="20220127 14:56:43.797" endtime="20220127 14:56:43.798"/>
</kw>
<kw name="Run Keyword If" library="BuiltIn">
<arg>${COUNT} == 100000</arg>
<arg>Log</arg>
<arg>Acabou o loop!!!</arg>
<doc>Runs the given keyword with the given arguments, if ``condition`` is true.</doc>
<status status="PASS" starttime="20220127 14:56:43.798" endtime="20220127 14:56:43.798"/>
</kw>
<status status="PASS" starttime="20220127 14:56:43.767" endtime="20220127 14:56:43.798"/>
</iter>
<iter>
<var name="${COUNT}">4</var>
<kw name="Click Button" library="SeleniumLibrary">
<arg>${HOME.BTN_ADC_TITULO}</arg>
<doc>Clicks the button identified by ``locator``.</doc>
<msg timestamp="20220127 14:56:43.799" level="INFO">Clicking button 'id=adc_titulo'.</msg>
<status status="PASS" starttime="20220127 14:56:43.798" endtime="20220127 14:56:43.831"/>
</kw>
<kw name="Log To Console" library="BuiltIn">
<arg>Estou no titulo n°: ${COUNT}</arg>
<doc>Logs the given message to the console.</doc>
<status status="PASS" starttime="20220127 14:56:43.831" endtime="20220127 14:56:43.831"/>
</kw>
<kw name="Run Keyword If" library="BuiltIn">
<arg>${COUNT} == 100000</arg>
<arg>Log</arg>
<arg>Acabou o loop!!!</arg>
<doc>Runs the given keyword with the given arguments, if ``condition`` is true.</doc>
<status status="PASS" starttime="20220127 14:56:43.831" endtime="20220127 14:56:43.832"/>
</kw>
<status status="PASS" starttime="20220127 14:56:43.798" endtime="20220127 14:56:43.832"/>
</iter>
<iter>
<var name="${COUNT}">5</var>
<kw name="Click Button" library="SeleniumLibrary">
<arg>${HOME.BTN_ADC_TITULO}</arg>
<doc>Clicks the button identified by ``locator``.</doc>
<msg timestamp="20220127 14:56:43.832" level="INFO">Clicking button 'id=adc_titulo'.</msg>
<status status="PASS" starttime="20220127 14:56:43.832" endtime="20220127 14:56:43.865"/>
</kw>
<kw name="Log To Console" library="BuiltIn">
<arg>Estou no titulo n°: ${COUNT}</arg>
<doc>Logs the given message to the console.</doc>
<status status="PASS" starttime="20220127 14:56:43.865" endtime="20220127 14:56:43.866"/>
</kw>
<kw name="Run Keyword If" library="BuiltIn">
<arg>${COUNT} == 100000</arg>
<arg>Log</arg>
<arg>Acabou o loop!!!</arg>
<doc>Runs the given keyword with the given arguments, if ``condition`` is true.</doc>
<status status="PASS" starttime="20220127 14:56:43.866" endtime="20220127 14:56:43.866"/>
</kw>
<status status="PASS" starttime="20220127 14:56:43.832" endtime="20220127 14:56:43.866"/>
</iter>
<iter>
<var name="${COUNT}">6</var>
<kw name="Click Button" library="SeleniumLibrary">
<arg>${HOME.BTN_ADC_TITULO}</arg>
<doc>Clicks the button identified by ``locator``.</doc>
<msg timestamp="20220127 14:56:43.867" level="INFO">Clicking button 'id=adc_titulo'.</msg>
<status status="PASS" starttime="20220127 14:56:43.866" endtime="20220127 14:56:43.896"/>
</kw>
<kw name="Log To Console" library="BuiltIn">
<arg>Estou no titulo n°: ${COUNT}</arg>
<doc>Logs the given message to the console.</doc>
<status status="PASS" starttime="20220127 14:56:43.896" endtime="20220127 14:56:43.897"/>
</kw>
<kw name="Run Keyword If" library="BuiltIn">
<arg>${COUNT} == 100000</arg>
<arg>Log</arg>
<arg>Acabou o loop!!!</arg>
<doc>Runs the given keyword with the given arguments, if ``condition`` is true.</doc>
<status status="PASS" starttime="20220127 14:56:43.897" endtime="20220127 14:56:43.897"/>
</kw>
<status status="PASS" starttime="20220127 14:56:43.866" endtime="20220127 14:56:43.897"/>
</iter>
<iter>
<var name="${COUNT}">7</var>
<kw name="Click Button" library="SeleniumLibrary">
<arg>${HOME.BTN_ADC_TITULO}</arg>
<doc>Clicks the button identified by ``locator``.</doc>
<msg timestamp="20220127 14:56:43.897" level="INFO">Clicking button 'id=adc_titulo'.</msg>
<status status="PASS" starttime="20220127 14:56:43.897" endtime="20220127 14:56:43.927"/>
</kw>
<kw name="Log To Console" library="BuiltIn">
<arg>Estou no titulo n°: ${COUNT}</arg>
<doc>Logs the given message to the console.</doc>
<status status="PASS" starttime="20220127 14:56:43.927" endtime="20220127 14:56:43.927"/>
</kw>
<kw name="Run Keyword If" library="BuiltIn">
<arg>${COUNT} == 100000</arg>
<arg>Log</arg>
<arg>Acabou o loop!!!</arg>
<doc>Runs the given keyword with the given arguments, if ``condition`` is true.</doc>
<status status="PASS" starttime="20220127 14:56:43.928" endtime="20220127 14:56:43.928"/>
</kw>
<status status="PASS" starttime="20220127 14:56:43.897" endtime="20220127 14:56:43.928"/>
</iter>
<iter>
<var name="${COUNT}">8</var>
<kw name="Click Button" library="SeleniumLibrary">
<arg>${HOME.BTN_ADC_TITULO}</arg>
<doc>Clicks the button identified by ``locator``.</doc>
<msg timestamp="20220127 14:56:43.929" level="INFO">Clicking button 'id=adc_titulo'.</msg>
<status status="PASS" starttime="20220127 14:56:43.929" endtime="20220127 14:56:43.959"/>
</kw>
<kw name="Log To Console" library="BuiltIn">
<arg>Estou no titulo n°: ${COUNT}</arg>
<doc>Logs the given message to the console.</doc>
<status status="PASS" starttime="20220127 14:56:43.959" endtime="20220127 14:56:43.960"/>
</kw>
<kw name="Run Keyword If" library="BuiltIn">
<arg>${COUNT} == 100000</arg>
<arg>Log</arg>
<arg>Acabou o loop!!!</arg>
<doc>Runs the given keyword with the given arguments, if ``condition`` is true.</doc>
<status status="PASS" starttime="20220127 14:56:43.960" endtime="20220127 14:56:43.960"/>
</kw>
<status status="PASS" starttime="20220127 14:56:43.929" endtime="20220127 14:56:43.960"/>
</iter>
<iter>
<var name="${COUNT}">9</var>
<kw name="Click Button" library="SeleniumLibrary">
<arg>${HOME.BTN_ADC_TITULO}</arg>
<doc>Clicks the button identified by ``locator``.</doc>
<msg timestamp="20220127 14:56:43.961" level="INFO">Clicking button 'id=adc_titulo'.</msg>
<status status="PASS" starttime="20220127 14:56:43.960" endtime="20220127 14:56:43.990"/>
</kw>
<kw name="Log To Console" library="BuiltIn">
<arg>Estou no titulo n°: ${COUNT}</arg>
<doc>Logs the given message to the console.</doc>
<status status="PASS" starttime="20220127 14:56:43.990" endtime="20220127 14:56:43.992"/>
</kw>
<kw name="Run Keyword If" library="BuiltIn">
<arg>${COUNT} == 100000</arg>
<arg>Log</arg>
<arg>Acabou o loop!!!</arg>
<doc>Runs the given keyword with the given arguments, if ``condition`` is true.</doc>
<status status="PASS" starttime="20220127 14:56:43.992" endtime="20220127 14:56:43.992"/>
</kw>
<status status="PASS" starttime="20220127 14:56:43.960" endtime="20220127 14:56:43.992"/>
</iter>
<iter>
<var name="${COUNT}">10</var>
<kw name="Click Button" library="SeleniumLibrary">
<arg>${HOME.BTN_ADC_TITULO}</arg>
<doc>Clicks the button identified by ``locator``.</doc>
<msg timestamp="20220127 14:56:43.992" level="INFO">Clicking button 'id=adc_titulo'.</msg>
<status status="PASS" starttime="20220127 14:56:43.992" endtime="20220127 14:56:44.019"/>
</kw>
<kw name="Log To Console" library="BuiltIn">
<arg>Estou no titulo n°: ${COUNT}</arg>
<doc>Logs the given message to the console.</doc>
<status status="PASS" starttime="20220127 14:56:44.020" endtime="20220127 14:56:44.020"/>
</kw>
<kw name="Run Keyword If" library="BuiltIn">
<arg>${COUNT} == 100000</arg>
<arg>Log</arg>
<arg>Acabou o loop!!!</arg>
<doc>Runs the given keyword with the given arguments, if ``condition`` is true.</doc>
<status status="PASS" starttime="20220127 14:56:44.020" endtime="20220127 14:56:44.021"/>
</kw>
<status status="PASS" starttime="20220127 14:56:43.992" endtime="20220127 14:56:44.021"/>
</iter>
<iter>
<var name="${COUNT}">11</var>
<kw name="Click Button" library="SeleniumLibrary">
<arg>${HOME.BTN_ADC_TITULO}</arg>
<doc>Clicks the button identified by ``locator``.</doc>
<msg timestamp="20220127 14:56:44.022" level="INFO">Clicking button 'id=adc_titulo'.</msg>
<status status="PASS" starttime="20220127 14:56:44.021" endtime="20220127 14:56:44.052"/>
</kw>
<kw name="Log To Console" library="BuiltIn">
<arg>Estou no titulo n°: ${COUNT}</arg>
<doc>Logs the given message to the console.</doc>
<status status="PASS" starttime="20220127 14:56:44.052" endtime="20220127 14:56:44.052"/>
</kw>
<kw name="Run Keyword If" library="BuiltIn">
<arg>${COUNT} == 100000</arg>
<arg>Log</arg>
<arg>Acabou o loop!!!</arg>
<doc>Runs the given keyword with the given arguments, if ``condition`` is true.</doc>
<status status="PASS" starttime="20220127 14:56:44.053" endtime="20220127 14:56:44.053"/>
</kw>
<status status="PASS" starttime="20220127 14:56:44.021" endtime="20220127 14:56:44.053"/>
</iter>
<iter>
<var name="${COUNT}">12</var>
<kw name="Click Button" library="SeleniumLibrary">
<arg>${HOME.BTN_ADC_TITULO}</arg>
<doc>Clicks the button identified by ``locator``.</doc>
<msg timestamp="20220127 14:56:44.054" level="INFO">Clicking button 'id=adc_titulo'.</msg>
<status status="PASS" starttime="20220127 14:56:44.053" endtime="20220127 14:56:44.082"/>
</kw>
<kw name="Log To Console" library="BuiltIn">
<arg>Estou no titulo n°: ${COUNT}</arg>
<doc>Logs the given message to the console.</doc>
<status status="PASS" starttime="20220127 14:56:44.082" endtime="20220127 14:56:44.082"/>
</kw>
<kw name="Run Keyword If" library="BuiltIn">
<arg>${COUNT} == 100000</arg>
<arg>Log</arg>
<arg>Acabou o loop!!!</arg>
<doc>Runs the given keyword with the given arguments, if ``condition`` is true.</doc>
<status status="PASS" starttime="20220127 14:56:44.082" endtime="20220127 14:56:44.083"/>
</kw>
<status status="PASS" starttime="20220127 14:56:44.053" endtime="20220127 14:56:44.083"/>
</iter>
<iter>
<var name="${COUNT}">13</var>
<kw name="Click Button" library="SeleniumLibrary">
<arg>${HOME.BTN_ADC_TITULO}</arg>
<doc>Clicks the button identified by ``locator``.</doc>
<msg timestamp="20220127 14:56:44.083" level="INFO">Clicking button 'id=adc_titulo'.</msg>
<status status="PASS" starttime="20220127 14:56:44.083" endtime="20220127 14:56:44.114"/>
</kw>
<kw name="Log To Console" library="BuiltIn">
<arg>Estou no titulo n°: ${COUNT}</arg>
<doc>Logs the given message to the console.</doc>
<status status="PASS" starttime="20220127 14:56:44.114" endtime="20220127 14:56:44.114"/>
</kw>
<kw name="Run Keyword If" library="BuiltIn">
<arg>${COUNT} == 100000</arg>
<arg>Log</arg>
<arg>Acabou o loop!!!</arg>
<doc>Runs the given keyword with the given arguments, if ``condition`` is true.</doc>
<status status="PASS" starttime="20220127 14:56:44.114" endtime="20220127 14:56:44.115"/>
</kw>
<status status="PASS" starttime="20220127 14:56:44.083" endtime="20220127 14:56:44.115"/>
</iter>
<iter>
<var name="${COUNT}">14</var>
<kw name="Click Button" library="SeleniumLibrary">
<arg>${HOME.BTN_ADC_TITULO}</arg>
<doc>Clicks the button identified by ``locator``.</doc>
<msg timestamp="20220127 14:56:44.116" level="INFO">Clicking button 'id=adc_titulo'.</msg>
<status status="PASS" starttime="20220127 14:56:44.115" endtime="20220127 14:56:44.144"/>
</kw>
<kw name="Log To Console" library="BuiltIn">
<arg>Estou no titulo n°: ${COUNT}</arg>
<doc>Logs the given message to the console.</doc>
<status status="PASS" starttime="20220127 14:56:44.144" endtime="20220127 14:56:44.145"/>
</kw>
<kw name="Run Keyword If" library="BuiltIn">
<arg>${COUNT} == 100000</arg>
<arg>Log</arg>
<arg>Acabou o loop!!!</arg>
<doc>Runs the given keyword with the given arguments, if ``condition`` is true.</doc>
<status status="PASS" starttime="20220127 14:56:44.145" endtime="20220127 14:56:44.145"/>
</kw>
<status status="PASS" starttime="20220127 14:56:44.115" endtime="20220127 14:56:44.145"/>
</iter>
<iter>
<var name="${COUNT}">15</var>
<kw name="Click Button" library="SeleniumLibrary">
<arg>${HOME.BTN_ADC_TITULO}</arg>
<doc>Clicks the button identified by ``locator``.</doc>
<msg timestamp="20220127 14:56:44.146" level="INFO">Clicking button 'id=adc_titulo'.</msg>
<status status="PASS" starttime="20220127 14:56:44.145" endtime="20220127 14:56:44.175"/>
</kw>
<kw name="Log To Console" library="BuiltIn">
<arg>Estou no titulo n°: ${COUNT}</arg>
<doc>Logs the given message to the console.</doc>
<status status="PASS" starttime="20220127 14:56:44.175" endtime="20220127 14:56:44.176"/>
</kw>
<kw name="Run Keyword If" library="BuiltIn">
<arg>${COUNT} == 100000</arg>
<arg>Log</arg>
<arg>Acabou o loop!!!</arg>
<doc>Runs the given keyword with the given arguments, if ``condition`` is true.</doc>
<status status="PASS" starttime="20220127 14:56:44.176" endtime="20220127 14:56:44.176"/>
</kw>
<status status="PASS" starttime="20220127 14:56:44.145" endtime="20220127 14:56:44.176"/>
</iter>
<iter>
<var name="${COUNT}">16</var>
<kw name="Click Button" library="SeleniumLibrary">
<arg>${HOME.BTN_ADC_TITULO}</arg>
<doc>Clicks the button identified by ``locator``.</doc>
<msg timestamp="20220127 14:56:44.177" level="INFO">Clicking button 'id=adc_titulo'.</msg>
<status status="PASS" starttime="20220127 14:56:44.177" endtime="20220127 14:56:44.206"/>
</kw>
<kw name="Log To Console" library="BuiltIn">
<arg>Estou no titulo n°: ${COUNT}</arg>
<doc>Logs the given message to the console.</doc>
<status status="PASS" starttime="20220127 14:56:44.206" endtime="20220127 14:56:44.207"/>
</kw>
<kw name="Run Keyword If" library="BuiltIn">
<arg>${COUNT} == 100000</arg>
<arg>Log</arg>
<arg>Acabou o loop!!!</arg>
<doc>Runs the given keyword with the given arguments, if ``condition`` is true.</doc>
<status status="PASS" starttime="20220127 14:56:44.207" endtime="20220127 14:56:44.207"/>
</kw>
<status status="PASS" starttime="20220127 14:56:44.176" endtime="20220127 14:56:44.207"/>
</iter>
<iter>
<var name="${COUNT}">17</var>
<kw name="Click Button" library="SeleniumLibrary">
<arg>${HOME.BTN_ADC_TITULO}</arg>
<doc>Clicks the button identified by ``locator``.</doc>
<msg timestamp="20220127 14:56:44.208" level="INFO">Clicking button 'id=adc_titulo'.</msg>
<status status="PASS" starttime="20220127 14:56:44.208" endtime="20220127 14:56:44.238"/>
</kw>
<kw name="Log To Console" library="BuiltIn">
<arg>Estou no titulo n°: ${COUNT}</arg>
<doc>Logs the given message to the console.</doc>
<status status="PASS" starttime="20220127 14:56:44.238" endtime="20220127 14:56:44.240"/>
</kw>
<kw name="Run Keyword If" library="BuiltIn">
<arg>${COUNT} == 100000</arg>
<arg>Log</arg>
<arg>Acabou o loop!!!</arg>
<doc>Runs the given keyword with the given arguments, if ``condition`` is true.</doc>
<status status="PASS" starttime="20220127 14:56:44.240" endtime="20220127 14:56:44.240"/>
</kw>
<status status="PASS" starttime="20220127 14:56:44.207" endtime="20220127 14:56:44.240"/>
</iter>
<iter>
<var name="${COUNT}">18</var>
<kw name="Click Button" library="SeleniumLibrary">
<arg>${HOME.BTN_ADC_TITULO}</arg>
<doc>Clicks the button identified by ``locator``.</doc>
<msg timestamp="20220127 14:56:44.240" level="INFO">Clicking button 'id=adc_titulo'.</msg>
<status status="PASS" starttime="20220127 14:56:44.240" endtime="20220127 14:56:44.270"/>
</kw>
<kw name="Log To Console" library="BuiltIn">
<arg>Estou no titulo n°: ${COUNT}</arg>
<doc>Logs the given message to the console.</doc>
<status status="PASS" starttime="20220127 14:56:44.270" endtime="20220127 14:56:44.270"/>
</kw>
<kw name="Run Keyword If" library="BuiltIn">
<arg>${COUNT} == 100000</arg>
<arg>Log</arg>
<arg>Acabou o loop!!!</arg>
<doc>Runs the given keyword with the given arguments, if ``condition`` is true.</doc>
<status status="PASS" starttime="20220127 14:56:44.271" endtime="20220127 14:56:44.271"/>
</kw>
<status status="PASS" starttime="20220127 14:56:44.240" endtime="20220127 14:56:44.271"/>
</iter>
<iter>
<var name="${COUNT}">19</var>
<kw name="Click Button" library="SeleniumLibrary">
<arg>${HOME.BTN_ADC_TITULO}</arg>
<doc>Clicks the button identified by ``locator``.</doc>
<msg timestamp="20220127 14:56:44.272" level="INFO">Clicking button 'id=adc_titulo'.</msg>
<status status="PASS" starttime="20220127 14:56:44.271" endtime="20220127 14:56:44.300"/>
</kw>
<kw name="Log To Console" library="BuiltIn">
<arg>Estou no titulo n°: ${COUNT}</arg>
<doc>Logs the given message to the console.</doc>
<status status="PASS" starttime="20220127 14:56:44.300" endtime="20220127 14:56:44.300"/>
</kw>
<kw name="Run Keyword If" library="BuiltIn">
<arg>${COUNT} == 100000</arg>
<arg>Log</arg>
<arg>Acabou o loop!!!</arg>
<doc>Runs the given keyword with the given arguments, if ``condition`` is true.</doc>
<status status="PASS" starttime="20220127 14:56:44.300" endtime="20220127 14:56:44.300"/>
</kw>
<status status="PASS" starttime="20220127 14:56:44.271" endtime="20220127 14:56:44.300"/>
</iter>
<iter>
<var name="${COUNT}">20</var>
<kw name="Click Button" library="SeleniumLibrary">
<arg>${HOME.BTN_ADC_TITULO}</arg>
<doc>Clicks the button identified by ``locator``.</doc>
<msg timestamp="20220127 14:56:44.301" level="INFO">Clicking button 'id=adc_titulo'.</msg>
<status status="PASS" starttime="20220127 14:56:44.301" endtime="20220127 14:56:44.330"/>
</kw>
<kw name="Log To Console" library="BuiltIn">
<arg>Estou no titulo n°: ${COUNT}</arg>
<doc>Logs the given message to the console.</doc>
<status status="PASS" starttime="20220127 14:56:44.330" endtime="20220127 14:56:44.331"/>
</kw>
<kw name="Run Keyword If" library="BuiltIn">
<arg>${COUNT} == 100000</arg>
<arg>Log</arg>
<arg>Acabou o loop!!!</arg>
<doc>Runs the given keyword with the given arguments, if ``condition`` is true.</doc>
<status status="PASS" starttime="20220127 14:56:44.332" endtime="20220127 14:56:44.332"/>
</kw>
<status status="PASS" starttime="20220127 14:56:44.300" endtime="20220127 14:56:44.332"/>
</iter>
<iter>
<var name="${COUNT}">21</var>
<kw name="Click Button" library="SeleniumLibrary">
<arg>${HOME.BTN_ADC_TITULO}</arg>
<doc>Clicks the button identified by ``locator``.</doc>
<msg timestamp="20220127 14:56:44.332" level="INFO">Clicking button 'id=adc_titulo'.</msg>
<status status="PASS" starttime="20220127 14:56:44.332" endtime="20220127 14:56:44.363"/>
</kw>
<kw name="Log To Console" library="BuiltIn">
<arg>Estou no titulo n°: ${COUNT}</arg>
<doc>Logs the given message to the console.</doc>
<status status="PASS" starttime="20220127 14:56:44.363" endtime="20220127 14:56:44.364"/>
</kw>
<kw name="Run Keyword If" library="BuiltIn">
<arg>${COUNT} == 100000</arg>
<arg>Log</arg>
<arg>Acabou o loop!!!</arg>
<doc>Runs the given keyword with the given arguments, if ``condition`` is true.</doc>
<status status="PASS" starttime="20220127 14:56:44.364" endtime="20220127 14:56:44.364"/>
</kw>
<status status="PASS" starttime="20220127 14:56:44.332" endtime="20220127 14:56:44.364"/>
</iter>
<iter>
<var name="${COUNT}">22</var>
<kw name="Click Button" library="SeleniumLibrary">
<arg>${HOME.BTN_ADC_TITULO}</arg>
<doc>Clicks the button identified by ``locator``.</doc>
<msg timestamp="20220127 14:56:44.365" level="INFO">Clicking button 'id=adc_titulo'.</msg>
<status status="PASS" starttime="20220127 14:56:44.364" endtime="20220127 14:56:44.397"/>
</kw>
<kw name="Log To Console" library="BuiltIn">
<arg>Estou no titulo n°: ${COUNT}</arg>
<doc>Logs the given message to the console.</doc>
<status status="PASS" starttime="20220127 14:56:44.397" endtime="20220127 14:56:44.397"/>
</kw>
<kw name="Run Keyword If" library="BuiltIn">
<arg>${COUNT} == 100000</arg>
<arg>Log</arg>
<arg>Acabou o loop!!!</arg>
<doc>Runs the given keyword with the given arguments, if ``condition`` is true.</doc>
<status status="PASS" starttime="20220127 14:56:44.397" endtime="20220127 14:56:44.398"/>
</kw>
<status status="PASS" starttime="20220127 14:56:44.364" endtime="20220127 14:56:44.398"/>
</iter>
<iter>
<var name="${COUNT}">23</var>
<kw name="Click Button" library="SeleniumLibrary">
<arg>${HOME.BTN_ADC_TITULO}</arg>
<doc>Clicks the button identified by ``locator``.</doc>
<msg timestamp="20220127 14:56:44.399" level="INFO">Clicking button 'id=adc_titulo'.</msg>
<status status="PASS" starttime="20220127 14:56:44.398" endtime="20220127 14:56:44.431"/>
</kw>
<kw name="Log To Console" library="BuiltIn">
<arg>Estou no titulo n°: ${COUNT}</arg>
<doc>Logs the given message to the console.</doc>
<status status="PASS" starttime="20220127 14:56:44.431" endtime="20220127 14:56:44.432"/>
</kw>
<kw name="Run Keyword If" library="BuiltIn">
<arg>${COUNT} == 100000</arg>
<arg>Log</arg>
<arg>Acabou o loop!!!</arg>
<doc>Runs the given keyword with the given arguments, if ``condition`` is true.</doc>
<status status="PASS" starttime="20220127 14:56:44.432" endtime="20220127 14:56:44.432"/>
</kw>
<status status="PASS" starttime="20220127 14:56:44.398" endtime="20220127 14:56:44.432"/>
</iter>
<iter>
<var name="${COUNT}">24</var>
<kw name="Click Button" library="SeleniumLibrary">
<arg>${HOME.BTN_ADC_TITULO}</arg>
<doc>Clicks the button identified by ``locator``.</doc>
<msg timestamp="20220127 14:56:44.432" level="INFO">Clicking button 'id=adc_titulo'.</msg>
<status status="PASS" starttime="20220127 14:56:44.432" endtime="20220127 14:56:44.461"/>
</kw>
<kw name="Log To Console" library="BuiltIn">
<arg>Estou no titulo n°: ${COUNT}</arg>
<doc>Logs the given message to the console.</doc>
<status status="PASS" starttime="20220127 14:56:44.461" endtime="20220127 14:56:44.463"/>
</kw>
<kw name="Run Keyword If" library="BuiltIn">
<arg>${COUNT} == 100000</arg>
<arg>Log</arg>
<arg>Acabou o loop!!!</arg>
<doc>Runs the given keyword with the given arguments, if ``condition`` is true.</doc>
<status status="PASS" starttime="20220127 14:56:44.463" endtime="20220127 14:56:44.463"/>
</kw>
<status status="PASS" starttime="20220127 14:56:44.432" endtime="20220127 14:56:44.463"/>
</iter>
<iter>
<var name="${COUNT}">25</var>
<kw name="Click Button" library="SeleniumLibrary">
<arg>${HOME.BTN_ADC_TITULO}</arg>
<doc>Clicks the button identified by ``locator``.</doc>
<msg timestamp="20220127 14:56:44.463" level="INFO">Clicking button 'id=adc_titulo'.</msg>
<status status="PASS" starttime="20220127 14:56:44.463" endtime="20220127 14:56:44.494"/>
</kw>
<kw name="Log To Console" library="BuiltIn">
<arg>Estou no titulo n°: ${COUNT}</arg>
<doc>Logs the given message to the console.</doc>
<status status="PASS" starttime="20220127 14:56:44.494" endtime="20220127 14:56:44.494"/>
</kw>
<kw name="Run Keyword If" library="BuiltIn">
<arg>${COUNT} == 100000</arg>
<arg>Log</arg>
<arg>Acabou o loop!!!</arg>
<doc>Runs the given keyword with the given arguments, if ``condition`` is true.</doc>
<status status="PASS" starttime="20220127 14:56:44.495" endtime="20220127 14:56:44.495"/>
</kw>
<status status="PASS" starttime="20220127 14:56:44.463" endtime="20220127 14:56:44.495"/>
</iter>
<iter>
<var name="${COUNT}">26</var>
<kw name="Click Button" library="SeleniumLibrary">
<arg>${HOME.BTN_ADC_TITULO}</arg>
<doc>Clicks the button identified by ``locator``.</doc>
<msg timestamp="20220127 14:56:44.495" level="INFO">Clicking button 'id=adc_titulo'.</msg>
<status status="PASS" starttime="20220127 14:56:44.495" endtime="20220127 14:56:44.524"/>
</kw>
<kw name="Log To Console" library="BuiltIn">
<arg>Estou no titulo n°: ${COUNT}</arg>
<doc>Logs the given message to the console.</doc>
<status status="PASS" starttime="20220127 14:56:44.524" endtime="20220127 14:56:44.525"/>
</kw>
<kw name="Run Keyword If" library="BuiltIn">
<arg>${COUNT} == 100000</arg>
<arg>Log</arg>
<arg>Acabou o loop!!!</arg>
<doc>Runs the given keyword with the given arguments, if ``condition`` is true.</doc>
<status status="PASS" starttime="20220127 14:56:44.525" endtime="20220127 14:56:44.525"/>
</kw>
<status status="PASS" starttime="20220127 14:56:44.495" endtime="20220127 14:56:44.525"/>
</iter>
<iter>
<var name="${COUNT}">27</var>
<kw name="Click Button" library="SeleniumLibrary">
<arg>${HOME.BTN_ADC_TITULO}</arg>
<doc>Clicks the button identified by ``locator``.</doc>
<msg timestamp="20220127 14:56:44.526" level="INFO">Clicking button 'id=adc_titulo'.</msg>
<status status="PASS" starttime="20220127 14:56:44.525" endtime="20220127 14:56:44.553"/>
</kw>
<kw name="Log To Console" library="BuiltIn">
<arg>Estou no titulo n°: ${COUNT}</arg>
<doc>Logs the given message to the console.</doc>
<status status="PASS" starttime="20220127 14:56:44.553" endtime="20220127 14:56:44.553"/>
</kw>
<kw name="Run Keyword If" library="BuiltIn">
<arg>${COUNT} == 100000</arg>
<arg>Log</arg>
<arg>Acabou o loop!!!</arg>
<doc>Runs the given keyword with the given arguments, if ``condition`` is true.</doc>
<status status="PASS" starttime="20220127 14:56:44.553" endtime="20220127 14:56:44.554"/>
</kw>
<status status="PASS" starttime="20220127 14:56:44.525" endtime="20220127 14:56:44.554"/>
</iter>
<iter>
<var name="${COUNT}">28</var>
<kw name="Click Button" library="SeleniumLibrary">
<arg>${HOME.BTN_ADC_TITULO}</arg>
<doc>Clicks the button identified by ``locator``.</doc>
<msg timestamp="20220127 14:56:44.555" level="INFO">Clicking button 'id=adc_titulo'.</msg>
<status status="PASS" starttime="20220127 14:56:44.554" endtime="20220127 14:56:44.583"/>
</kw>
<kw name="Log To Console" library="BuiltIn">
<arg>Estou no titulo n°: ${COUNT}</arg>
<doc>Logs the given message to the console.</doc>
<status status="PASS" starttime="20220127 14:56:44.583" endtime="20220127 14:56:44.584"/>
</kw>
<kw name="Run Keyword If" library="BuiltIn">
<arg>${COUNT} == 100000</arg>
<arg>Log</arg>
<arg>Acabou o loop!!!</arg>
<doc>Runs the given keyword with the given arguments, if ``condition`` is true.</doc>
<status status="PASS" starttime="20220127 14:56:44.584" endtime="20220127 14:56:44.584"/>
</kw>
<status status="PASS" starttime="20220127 14:56:44.554" endtime="20220127 14:56:44.584"/>
</iter>
<iter>
<var name="${COUNT}">29</var>
<kw name="Click Button" library="SeleniumLibrary">
<arg>${HOME.BTN_ADC_TITULO}</arg>
<doc>Clicks the button identified by ``locator``.</doc>
<msg timestamp="20220127 14:56:44.585" level="INFO">Clicking button 'id=adc_titulo'.</msg>
<status status="PASS" starttime="20220127 14:56:44.584" endtime="20220127 14:56:44.614"/>
</kw>
<kw name="Log To Console" library="BuiltIn">
<arg>Estou no titulo n°: ${COUNT}</arg>
<doc>Logs the given message to the console.</doc>
<status status="PASS" starttime="20220127 14:56:44.614" endtime="20220127 14:56:44.614"/>
</kw>
<kw name="Run Keyword If" library="BuiltIn">
<arg>${COUNT} == 100000</arg>
<arg>Log</arg>
<arg>Acabou o loop!!!</arg>
<doc>Runs the given keyword with the given arguments, if ``condition`` is true.</doc>
<status status="PASS" starttime="20220127 14:56:44.615" endtime="20220127 14:56:44.615"/>
</kw>
<status status="PASS" starttime="20220127 14:56:44.584" endtime="20220127 14:56:44.615"/>
</iter>
<iter>
<var name="${COUNT}">30</var>
<kw name="Click Button" library="SeleniumLibrary">
<arg>${HOME.BTN_ADC_TITULO}</arg>
<doc>Clicks the button identified by ``locator``.</doc>
<msg timestamp="20220127 14:56:44.616" level="INFO">Clicking button 'id=adc_titulo'.</msg>
<status status="PASS" starttime="20220127 14:56:44.615" endtime="20220127 14:56:44.644"/>
</kw>
<kw name="Log To Console" library="BuiltIn">
<arg>Estou no titulo n°: ${COUNT}</arg>
<doc>Logs the given message to the console.</doc>
<status status="PASS" starttime="20220127 14:56:44.644" endtime="20220127 14:56:44.644"/>
</kw>
<kw name="Run Keyword If" library="BuiltIn">
<arg>${COUNT} == 100000</arg>
<arg>Log</arg>
<arg>Acabou o loop!!!</arg>
<doc>Runs the given keyword with the given arguments, if ``condition`` is true.</doc>
<status status="PASS" starttime="20220127 14:56:44.645" endtime="20220127 14:56:44.645"/>
</kw>
<status status="PASS" starttime="20220127 14:56:44.615" endtime="20220127 14:56:44.645"/>
</iter>
<iter>
<var name="${COUNT}">31</var>
<kw name="Click Button" library="SeleniumLibrary">
<arg>${HOME.BTN_ADC_TITULO}</arg>
<doc>Clicks the button identified by ``locator``.</doc>
<msg timestamp="20220127 14:56:44.646" level="INFO">Clicking button 'id=adc_titulo'.</msg>
<status status="PASS" starttime="20220127 14:56:44.645" endtime="20220127 14:56:44.674"/>
</kw>
<kw name="Log To Console" library="BuiltIn">
<arg>Estou no titulo n°: ${COUNT}</arg>
<doc>Logs the given message to the console.</doc>
<status status="PASS" starttime="20220127 14:56:44.674" endtime="20220127 14:56:44.675"/>
</kw>
<kw name="Run Keyword If" library="BuiltIn">
<arg>${COUNT} == 100000</arg>
<arg>Log</arg>
<arg>Acabou o loop!!!</arg>
<doc>Runs the given keyword with the given arguments, if ``condition`` is true.</doc>
<status status="PASS" starttime="20220127 14:56:44.675" endtime="20220127 14:56:44.675"/>
</kw>
<status status="PASS" starttime="20220127 14:56:44.645" endtime="20220127 14:56:44.675"/>
</iter>
<iter>
<var name="${COUNT}">32</var>
<kw name="Click Button" library="SeleniumLibrary">
<arg>${HOME.BTN_ADC_TITULO}</arg>
<doc>Clicks the button identified by ``locator``.</doc>
<msg timestamp="20220127 14:56:44.676" level="INFO">Clicking button 'id=adc_titulo'.</msg>
<status status="PASS" starttime="20220127 14:56:44.675" endtime="20220127 14:56:44.705"/>
</kw>
<kw name="Log To Console" library="BuiltIn">
<arg>Estou no titulo n°: ${COUNT}</arg>
<doc>Logs the given message to the console.</doc>
<status status="PASS" starttime="20220127 14:56:44.706" endtime="20220127 14:56:44.706"/>
</kw>
<kw name="Run Keyword If" library="BuiltIn">
<arg>${COUNT} == 100000</arg>
<arg>Log</arg>
<arg>Acabou o loop!!!</arg>
<doc>Runs the given keyword with the given arguments, if ``condition`` is true.</doc>
<status status="PASS" starttime="20220127 14:56:44.706" endtime="20220127 14:56:44.707"/>
</kw>
<status status="PASS" starttime="20220127 14:56:44.675" endtime="20220127 14:56:44.707"/>
</iter>
<iter>
<var name="${COUNT}">33</var>
<kw name="Click Button" library="SeleniumLibrary">
<arg>${HOME.BTN_ADC_TITULO}</arg>
<doc>Clicks the button identified by ``locator``.</doc>
<msg timestamp="20220127 14:56:44.708" level="INFO">Clicking button 'id=adc_titulo'.</msg>
<status status="PASS" starttime="20220127 14:56:44.707" endtime="20220127 14:56:44.735"/>
</kw>
<kw name="Log To Console" library="BuiltIn">
<arg>Estou no titulo n°: ${COUNT}</arg>
<doc>Logs the given message to the console.</doc>
<status status="PASS" starttime="20220127 14:56:44.735" endtime="20220127 14:56:44.735"/>
</kw>
<kw name="Run Keyword If" library="BuiltIn">
<arg>${COUNT} == 100000</arg>
<arg>Log</arg>
<arg>Acabou o loop!!!</arg>
<doc>Runs the given keyword with the given arguments, if ``condition`` is true.</doc>
<status status="PASS" starttime="20220127 14:56:44.736" endtime="20220127 14:56:44.736"/>
</kw>
<status status="PASS" starttime="20220127 14:56:44.707" endtime="20220127 14:56:44.736"/>
</iter>
<iter>
<var name="${COUNT}">34</var>
<kw name="Click Button" library="SeleniumLibrary">
<arg>${HOME.BTN_ADC_TITULO}</arg>
<doc>Clicks the button identified by ``locator``.</doc>
<msg timestamp="20220127 14:56:44.737" level="INFO">Clicking button 'id=adc_titulo'.</msg>
<status status="PASS" starttime="20220127 14:56:44.736" endtime="20220127 14:56:44.764"/>
</kw>
<kw name="Log To Console" library="BuiltIn">
<arg>Estou no titulo n°: ${COUNT}</arg>
<doc>Logs the given message to the console.</doc>
<status status="PASS" starttime="20220127 14:56:44.764" endtime="20220127 14:56:44.764"/>
</kw>
<kw name="Run Keyword If" library="BuiltIn">
<arg>${COUNT} == 100000</arg>
<arg>Log</arg>
<arg>Acabou o loop!!!</arg>
<doc>Runs the given keyword with the given arguments, if ``condition`` is true.</doc>
<status status="PASS" starttime="20220127 14:56:44.765" endtime="20220127 14:56:44.765"/>
</kw>
<status status="PASS" starttime="20220127 14:56:44.736" endtime="20220127 14:56:44.765"/>
</iter>
<iter>
<var name="${COUNT}">35</var>
<kw name="Click Button" library="SeleniumLibrary">
<arg>${HOME.BTN_ADC_TITULO}</arg>
<doc>Clicks the button identified by ``locator``.</doc>
<msg timestamp="20220127 14:56:44.766" level="INFO">Clicking button 'id=adc_titulo'.</msg>
<status status="PASS" starttime="20220127 14:56:44.765" endtime="20220127 14:56:44.794"/>
</kw>
<kw name="Log To Console" library="BuiltIn">
<arg>Estou no titulo n°: ${COUNT}</arg>
<doc>Logs the given message to the console.</doc>
<status status="PASS" starttime="20220127 14:56:44.794" endtime="20220127 14:56:44.795"/>
</kw>
<kw name="Run Keyword If" library="BuiltIn">
<arg>${COUNT} == 100000</arg>
<arg>Log</arg>
<arg>Acabou o loop!!!</arg>
<doc>Runs the given keyword with the given arguments, if ``condition`` is true.</doc>
<status status="PASS" starttime="20220127 14:56:44.795" endtime="20220127 14:56:44.795"/>
</kw>
<status status="PASS" starttime="20220127 14:56:44.765" endtime="20220127 14:56:44.795"/>
</iter>
<iter>
<var name="${COUNT}">36</var>
<kw name="Click Button" library="SeleniumLibrary">
<arg>${HOME.BTN_ADC_TITULO}</arg>
<doc>Clicks the button identified by ``locator``.</doc>
<msg timestamp="20220127 14:56:44.796" level="INFO">Clicking button 'id=adc_titulo'.</msg>
<status status="PASS" starttime="20220127 14:56:44.795" endtime="20220127 14:56:44.826"/>
</kw>
<kw name="Log To Console" library="BuiltIn">
<arg>Estou no titulo n°: ${COUNT}</arg>
<doc>Logs the given message to the console.</doc>
<status status="PASS" starttime="20220127 14:56:44.827" endtime="20220127 14:56:44.828"/>
</kw>
<kw name="Run Keyword If" library="BuiltIn">
<arg>${COUNT} == 100000</arg>
<arg>Log</arg>
<arg>Acabou o loop!!!</arg>
<doc>Runs the given keyword with the given arguments, if ``condition`` is true.</doc>
<status status="PASS" starttime="20220127 14:56:44.828" endtime="20220127 14:56:44.828"/>
</kw>
<status status="PASS" starttime="20220127 14:56:44.795" endtime="20220127 14:56:44.828"/>
</iter>
<iter>
<var name="${COUNT}">37</var>
<kw name="Click Button" library="SeleniumLibrary">
<arg>${HOME.BTN_ADC_TITULO}</arg>
<doc>Clicks the button identified by ``locator``.</doc>
<msg timestamp="20220127 14:56:44.828" level="INFO">Clicking button 'id=adc_titulo'.</msg>
<status status="PASS" starttime="20220127 14:56:44.828" endtime="20220127 14:56:44.857"/>
</kw>
<kw name="Log To Console" library="BuiltIn">
<arg>Estou no titulo n°: ${COUNT}</arg>
<doc>Logs the given message to the console.</doc>
<status status="PASS" starttime="20220127 14:56:44.857" endtime="20220127 14:56:44.857"/>
</kw>
<kw name="Run Keyword If" library="BuiltIn">
<arg>${COUNT} == 100000</arg>
<arg>Log</arg>
<arg>Acabou o loop!!!</arg>
<doc>Runs the given keyword with the given arguments, if ``condition`` is true.</doc>
<status status="PASS" starttime="20220127 14:56:44.857" endtime="20220127 14:56:44.858"/>
</kw>
<status status="PASS" starttime="20220127 14:56:44.828" endtime="20220127 14:56:44.858"/>
</iter>
<iter>
<var name="${COUNT}">38</var>
<kw name="Click Button" library="SeleniumLibrary">
<arg>${HOME.BTN_ADC_TITULO}</arg>
<doc>Clicks the button identified by ``locator``.</doc>
<msg timestamp="20220127 14:56:44.859" level="INFO">Clicking button 'id=adc_titulo'.</msg>
<status status="PASS" starttime="20220127 14:56:44.858" endtime="20220127 14:56:44.888"/>
</kw>
<kw name="Log To Console" library="BuiltIn">
<arg>Estou no titulo n°: ${COUNT}</arg>
<doc>Logs the given message to the console.</doc>
<status status="PASS" starttime="20220127 14:56:44.888" endtime="20220127 14:56:44.889"/>
</kw>
<kw name="Run Keyword If" library="BuiltIn">
<arg>${COUNT} == 100000</arg>
<arg>Log</arg>
<arg>Acabou o loop!!!</arg>
<doc>Runs the given keyword with the given arguments, if ``condition`` is true.</doc>
<status status="PASS" starttime="20220127 14:56:44.889" endtime="20220127 14:56:44.889"/>
</kw>
<status status="PASS" starttime="20220127 14:56:44.858" endtime="20220127 14:56:44.889"/>
</iter>
<iter>
<var name="${COUNT}">39</var>
<kw name="Click Button" library="SeleniumLibrary">
<arg>${HOME.BTN_ADC_TITULO}</arg>
<doc>Clicks the button identified by ``locator``.</doc>
<msg timestamp="20220127 14:56:44.890" level="INFO">Clicking button 'id=adc_titulo'.</msg>
<status status="PASS" starttime="20220127 14:56:44.890" endtime="20220127 14:56:44.919"/>
</kw>
<kw name="Log To Console" library="BuiltIn">
<arg>Estou no titulo n°: ${COUNT}</arg>
<doc>Logs the given message to the console.</doc>
<status status="PASS" starttime="20220127 14:56:44.919" endtime="20220127 14:56:44.920"/>
</kw>
<kw name="Run Keyword If" library="BuiltIn">
<arg>${COUNT} == 100000</arg>
<arg>Log</arg>
<arg>Acabou o loop!!!</arg>
<doc>Runs the given keyword with the given arguments, if ``condition`` is true.</doc>
<status status="PASS" starttime="20220127 14:56:44.920" endtime="20220127 14:56:44.920"/>
</kw>
<status status="PASS" starttime="20220127 14:56:44.890" endtime="20220127 14:56:44.920"/>
</iter>
<iter>
<var name="${COUNT}">40</var>
<kw name="Click Button" library="SeleniumLibrary">
<arg>${HOME.BTN_ADC_TITULO}</arg>
<doc>Clicks the button identified by ``locator``.</doc>
<msg timestamp="20220127 14:56:44.921" level="INFO">Clicking button 'id=adc_titulo'.</msg>
<status status="PASS" starttime="20220127 14:56:44.920" endtime="20220127 14:56:44.954"/>
</kw>
<kw name="Log To Console" library="BuiltIn">
<arg>Estou no titulo n°: ${COUNT}</arg>
<doc>Logs the given message to the console.</doc>
<status status="PASS" starttime="20220127 14:56:44.955" endtime="20220127 14:56:44.955"/>
</kw>
<kw name="Run Keyword If" library="BuiltIn">
<arg>${COUNT} == 100000</arg>
<arg>Log</arg>
<arg>Acabou o loop!!!</arg>
<doc>Runs the given keyword with the given arguments, if ``condition`` is true.</doc>
<status status="PASS" starttime="20220127 14:56:44.955" endtime="20220127 14:56:44.956"/>
</kw>
<status status="PASS" starttime="20220127 14:56:44.920" endtime="20220127 14:56:44.956"/>
</iter>
<iter>
<var name="${COUNT}">41</var>
<kw name="Click Button" library="SeleniumLibrary">
<arg>${HOME.BTN_ADC_TITULO}</arg>
<doc>Clicks the button identified by ``locator``.</doc>
<msg timestamp="20220127 14:56:44.956" level="INFO">Clicking button 'id=adc_titulo'.</msg>
<status status="PASS" starttime="20220127 14:56:44.956" endtime="20220127 14:56:44.985"/>
</kw>
<kw name="Log To Console" library="BuiltIn">
<arg>Estou no titulo n°: ${COUNT}</arg>
<doc>Logs the given message to the console.</doc>
<status status="PASS" starttime="20220127 14:56:44.985" endtime="20220127 14:56:44.985"/>
</kw>
<kw name="Run Keyword If" library="BuiltIn">
<arg>${COUNT} == 100000</arg>
<arg>Log</arg>
<arg>Acabou o loop!!!</arg>
<doc>Runs the given keyword with the given arguments, if ``condition`` is true.</doc>
<status status="PASS" starttime="20220127 14:56:44.986" endtime="20220127 14:56:44.986"/>
</kw>
<status status="PASS" starttime="20220127 14:56:44.956" endtime="20220127 14:56:44.986"/>
</iter>
<iter>
<var name="${COUNT}">42</var>
<kw name="Click Button" library="SeleniumLibrary">
<arg>${HOME.BTN_ADC_TITULO}</arg>
<doc>Clicks the button identified by ``locator``.</doc>
<msg timestamp="20220127 14:56:44.987" level="INFO">Clicking button 'id=adc_titulo'.</msg>
<status status="PASS" starttime="20220127 14:56:44.986" endtime="20220127 14:56:45.013"/>
</kw>
<kw name="Log To Console" library="BuiltIn">
<arg>Estou no titulo n°: ${COUNT}</arg>
<doc>Logs the given message to the console.</doc>
<status status="PASS" starttime="20220127 14:56:45.013" endtime="20220127 14:56:45.013"/>
</kw>
<kw name="Run Keyword If" library="BuiltIn">
<arg>${COUNT} == 100000</arg>
<arg>Log</arg>
<arg>Acabou o loop!!!</arg>
<doc>Runs the given keyword with the given arguments, if ``condition`` is true.</doc>
<status status="PASS" starttime="20220127 14:56:45.013" endtime="20220127 14:56:45.013"/>
</kw>
<status status="PASS" starttime="20220127 14:56:44.986" endtime="20220127 14:56:45.013"/>
</iter>
<iter>
<var name="${COUNT}">43</var>
<kw name="Click Button" library="SeleniumLibrary">
<arg>${HOME.BTN_ADC_TITULO}</arg>
<doc>Clicks the button identified by ``locator``.</doc>
<msg timestamp="20220127 14:56:45.014" level="INFO">Clicking button 'id=adc_titulo'.</msg>
<status status="PASS" starttime="20220127 14:56:45.014" endtime="20220127 14:56:45.042"/>
</kw>
<kw name="Log To Console" library="BuiltIn">
<arg>Estou no titulo n°: ${COUNT}</arg>
<doc>Logs the given message to the console.</doc>
<status status="PASS" starttime="20220127 14:56:45.042" endtime="20220127 14:56:45.044"/>
</kw>
<kw name="Run Keyword If" library="BuiltIn">
<arg>${COUNT} == 100000</arg>
<arg>Log</arg>
<arg>Acabou o loop!!!</arg>
<doc>Runs the given keyword with the given arguments, if ``condition`` is true.</doc>
<status status="PASS" starttime="20220127 14:56:45.044" endtime="20220127 14:56:45.044"/>
</kw>
<status status="PASS" starttime="20220127 14:56:45.014" endtime="20220127 14:56:45.044"/>
</iter>
<iter>
<var name="${COUNT}">44</var>
<kw name="Click Button" library="SeleniumLibrary">
<arg>${HOME.BTN_ADC_TITULO}</arg>
<doc>Clicks the button identified by ``locator``.</doc>
<msg timestamp="20220127 14:56:45.044" level="INFO">Clicking button 'id=adc_titulo'.</msg>
<status status="PASS" starttime="20220127 14:56:45.044" endtime="20220127 14:56:45.072"/>
</kw>
<kw name="Log To Console" library="BuiltIn">
<arg>Estou no titulo n°: ${COUNT}</arg>
<doc>Logs the given message to the console.</doc>
<status status="PASS" starttime="20220127 14:56:45.073" endtime="20220127 14:56:45.074"/>
</kw>
<kw name="Run Keyword If" library="BuiltIn">
<arg>${COUNT} == 100000</arg>
<arg>Log</arg>
<arg>Acabou o loop!!!</arg>
<doc>Runs the given keyword with the given arguments, if ``condition`` is true.</doc>
<status status="PASS" starttime="20220127 14:56:45.074" endtime="20220127 14:56:45.074"/>
</kw>
<status status="PASS" starttime="20220127 14:56:45.044" endtime="20220127 14:56:45.074"/>
</iter>
<iter>
<var name="${COUNT}">45</var>
<kw name="Click Button" library="SeleniumLibrary">
<arg>${HOME.BTN_ADC_TITULO}</arg>
<doc>Clicks the button identified by ``locator``.</doc>
<msg timestamp="20220127 14:56:45.074" level="INFO">Clicking button 'id=adc_titulo'.</msg>
<status status="PASS" starttime="20220127 14:56:45.074" endtime="20220127 14:56:45.105"/>
</kw>
<kw name="Log To Console" library="BuiltIn">
<arg>Estou no titulo n°: ${COUNT}</arg>
<doc>Logs the given message to the console.</doc>
<status status="PASS" starttime="20220127 14:56:45.105" endtime="20220127 14:56:45.105"/>
</kw>
<kw name="Run Keyword If" library="BuiltIn">
<arg>${COUNT} == 100000</arg>
<arg>Log</arg>
<arg>Acabou o loop!!!</arg>
<doc>Runs the given keyword with the given arguments, if ``condition`` is true.</doc>
<status status="PASS" starttime="20220127 14:56:45.105" endtime="20220127 14:56:45.106"/>
</kw>
<status status="PASS" starttime="20220127 14:56:45.074" endtime="20220127 14:56:45.106"/>
</iter>
<iter>
<var name="${COUNT}">46</var>
<kw name="Click Button" library="SeleniumLibrary">
<arg>${HOME.BTN_ADC_TITULO}</arg>
<doc>Clicks the button identified by ``locator``.</doc>
<msg timestamp="20220127 14:56:45.107" level="INFO">Clicking button 'id=adc_titulo'.</msg>
<status status="PASS" starttime="20220127 14:56:45.106" endtime="20220127 14:56:45.133"/>
</kw>
<kw name="Log To Console" library="BuiltIn">
<arg>Estou no titulo n°: ${COUNT}</arg>
<doc>Logs the given message to the console.</doc>
<status status="PASS" starttime="20220127 14:56:45.134" endtime="20220127 14:56:45.134"/>
</kw>
<kw name="Run Keyword If" library="BuiltIn">
<arg>${COUNT} == 100000</arg>
<arg>Log</arg>
<arg>Acabou o loop!!!</arg>
<doc>Runs the given keyword with the given arguments, if ``condition`` is true.</doc>
<status status="PASS" starttime="20220127 14:56:45.134" endtime="20220127 14:56:45.134"/>
</kw>
<status status="PASS" starttime="20220127 14:56:45.106" endtime="20220127 14:56:45.135"/>
</iter>
<iter>
<var name="${COUNT}">47</var>
<kw name="Click Button" library="SeleniumLibrary">
<arg>${HOME.BTN_ADC_TITULO}</arg>
<doc>Clicks the button identified by ``locator``.</doc>
<msg timestamp="20220127 14:56:45.135" level="INFO">Clicking button 'id=adc_titulo'.</msg>
<status status="PASS" starttime="20220127 14:56:45.135" endtime="20220127 14:56:45.163"/>
</kw>
<kw name="Log To Console" library="BuiltIn">
<arg>Estou no titulo n°: ${COUNT}</arg>
<doc>Logs the given message to the console.</doc>
<status status="PASS" starttime="20220127 14:56:45.164" endtime="20220127 14:56:45.165"/>
</kw>
<kw name="Run Keyword If" library="BuiltIn">
<arg>${COUNT} == 100000</arg>
<arg>Log</arg>
<arg>Acabou o loop!!!</arg>
<doc>Runs the given keyword with the given arguments, if ``condition`` is true.</doc>
<status status="PASS" starttime="20220127 14:56:45.165" endtime="20220127 14:56:45.165"/>
</kw>
<status status="PASS" starttime="20220127 14:56:45.135" endtime="20220127 14:56:45.165"/>
</iter>
<iter>
<var name="${COUNT}">48</var>
<kw name="Click Button" library="SeleniumLibrary">
<arg>${HOME.BTN_ADC_TITULO}</arg>
<doc>Clicks the button identified by ``locator``.</doc>
<msg timestamp="20220127 14:56:45.165" level="INFO">Clicking button 'id=adc_titulo'.</msg>
<status status="PASS" starttime="20220127 14:56:45.165" endtime="20220127 14:56:45.196"/>
</kw>
<kw name="Log To Console" library="BuiltIn">
<arg>Estou no titulo n°: ${COUNT}</arg>
<doc>Logs the given message to the console.</doc>
<status status="PASS" starttime="20220127 14:56:45.196" endtime="20220127 14:56:45.196"/>
</kw>
<kw name="Run Keyword If" library="BuiltIn">
<arg>${COUNT} == 100000</arg>
<arg>Log</arg>
<arg>Acabou o loop!!!</arg>
<doc>Runs the given keyword with the given arguments, if ``condition`` is true.</doc>
<status status="PASS" starttime="20220127 14:56:45.196" endtime="20220127 14:56:45.197"/>
</kw>
<status status="PASS" starttime="20220127 14:56:45.165" endtime="20220127 14:56:45.197"/>
</iter>
<iter>
<var name="${COUNT}">49</var>
<kw name="Click Button" library="SeleniumLibrary">
<arg>${HOME.BTN_ADC_TITULO}</arg>
<doc>Clicks the button identified by ``locator``.</doc>
<msg timestamp="20220127 14:56:45.197" level="INFO">Clicking button 'id=adc_titulo'.</msg>
<status status="PASS" starttime="20220127 14:56:45.197" endtime="20220127 14:56:45.226"/>
</kw>
<kw name="Log To Console" library="BuiltIn">
<arg>Estou no titulo n°: ${COUNT}</arg>
<doc>Logs the given message to the console.</doc>
<status status="PASS" starttime="20220127 14:56:45.226" endtime="20220127 14:56:45.226"/>
</kw>
<kw name="Run Keyword If" library="BuiltIn">
<arg>${COUNT} == 100000</arg>
<arg>Log</arg>
<arg>Acabou o loop!!!</arg>
<doc>Runs the given keyword with the given arguments, if ``condition`` is true.</doc>
<status status="PASS" starttime="20220127 14:56:45.226" endtime="20220127 14:56:45.226"/>
</kw>
<status status="PASS" starttime="20220127 14:56:45.197" endtime="20220127 14:56:45.226"/>
</iter>
<iter>
<var name="${COUNT}">50</var>
<kw name="Click Button" library="SeleniumLibrary">
<arg>${HOME.BTN_ADC_TITULO}</arg>
<doc>Clicks the button identified by ``locator``.</doc>
<msg timestamp="20220127 14:56:45.227" level="INFO">Clicking button 'id=adc_titulo'.</msg>
<status status="PASS" starttime="20220127 14:56:45.227" endtime="20220127 14:56:45.255"/>
</kw>
<kw name="Log To Console" library="BuiltIn">
<arg>Estou no titulo n°: ${COUNT}</arg>
<doc>Logs the given message to the console.</doc>
<status status="PASS" starttime="20220127 14:56:45.256" endtime="20220127 14:56:45.256"/>
</kw>
<kw name="Run Keyword If" library="BuiltIn">
<arg>${COUNT} == 100000</arg>
<arg>Log</arg>
<arg>Acabou o loop!!!</arg>
<doc>Runs the given keyword with the given arguments, if ``condition`` is true.</doc>
<status status="PASS" starttime="20220127 14:56:45.256" endtime="20220127 14:56:45.256"/>
</kw>
<status status="PASS" starttime="20220127 14:56:45.227" endtime="20220127 14:56:45.256"/>
</iter>
<iter>
<var name="${COUNT}">51</var>
<kw name="Click Button" library="SeleniumLibrary">
<arg>${HOME.BTN_ADC_TITULO}</arg>
<doc>Clicks the button identified by ``locator``.</doc>
<msg timestamp="20220127 14:56:45.257" level="INFO">Clicking button 'id=adc_titulo'.</msg>
<status status="PASS" starttime="20220127 14:56:45.257" endtime="20220127 14:56:45.285"/>
</kw>
<kw name="Log To Console" library="BuiltIn">
<arg>Estou no titulo n°: ${COUNT}</arg>
<doc>Logs the given message to the console.</doc>
<status status="PASS" starttime="20220127 14:56:45.285" endtime="20220127 14:56:45.286"/>
</kw>
<kw name="Run Keyword If" library="BuiltIn">
<arg>${COUNT} == 100000</arg>
<arg>Log</arg>
<arg>Acabou o loop!!!</arg>
<doc>Runs the given keyword with the given arguments, if ``condition`` is true.</doc>
<status status="PASS" starttime="20220127 14:56:45.286" endtime="20220127 14:56:45.286"/>
</kw>
<status status="PASS" starttime="20220127 14:56:45.257" endtime="20220127 14:56:45.287"/>
</iter>
<iter>
<var name="${COUNT}">52</var>
<kw name="Click Button" library="SeleniumLibrary">
<arg>${HOME.BTN_ADC_TITULO}</arg>
<doc>Clicks the button identified by ``locator``.</doc>
<msg timestamp="20220127 14:56:45.288" level="INFO">Clicking button 'id=adc_titulo'.</msg>
<status status="PASS" starttime="20220127 14:56:45.287" endtime="20220127 14:56:45.315"/>
</kw>
<kw name="Log To Console" library="BuiltIn">
<arg>Estou no titulo n°: ${COUNT}</arg>
<doc>Logs the given message to the console.</doc>
<status status="PASS" starttime="20220127 14:56:45.315" endtime="20220127 14:56:45.316"/>
</kw>
<kw name="Run Keyword If" library="BuiltIn">
<arg>${COUNT} == 100000</arg>
<arg>Log</arg>
<arg>Acabou o loop!!!</arg>
<doc>Runs the given keyword with the given arguments, if ``condition`` is true.</doc>
<status status="PASS" starttime="20220127 14:56:45.316" endtime="20220127 14:56:45.316"/>
</kw>
<status status="PASS" starttime="20220127 14:56:45.287" endtime="20220127 14:56:45.316"/>
</iter>
<iter>
<var name="${COUNT}">53</var>
<kw name="Click Button" library="SeleniumLibrary">
<arg>${HOME.BTN_ADC_TITULO}</arg>
<doc>Clicks the button identified by ``locator``.</doc>
<msg timestamp="20220127 14:56:45.317" level="INFO">Clicking button 'id=adc_titulo'.</msg>
<status status="PASS" starttime="20220127 14:56:45.316" endtime="20220127 14:56:45.345"/>
</kw>
<kw name="Log To Console" library="BuiltIn">
<arg>Estou no titulo n°: ${COUNT}</arg>
<doc>Logs the given message to the console.</doc>
<status status="PASS" starttime="20220127 14:56:45.345" endtime="20220127 14:56:45.346"/>
</kw>
<kw name="Run Keyword If" library="BuiltIn">
<arg>${COUNT} == 100000</arg>
<arg>Log</arg>
<arg>Acabou o loop!!!</arg>
<doc>Runs the given keyword with the given arguments, if ``condition`` is true.</doc>
<status status="PASS" starttime="20220127 14:56:45.346" endtime="20220127 14:56:45.346"/>
</kw>
<status status="PASS" starttime="20220127 14:56:45.316" endtime="20220127 14:56:45.346"/>
</iter>
<iter>
<var name="${COUNT}">54</var>
<kw name="Click Button" library="SeleniumLibrary">
<arg>${HOME.BTN_ADC_TITULO}</arg>
<doc>Clicks the button identified by ``locator``.</doc>
<msg timestamp="20220127 14:56:45.347" level="INFO">Clicking button 'id=adc_titulo'.</msg>
<status status="PASS" starttime="20220127 14:56:45.346" endtime="20220127 14:56:45.378"/>
</kw>
<kw name="Log To Console" library="BuiltIn">
<arg>Estou no titulo n°: ${COUNT}</arg>
<doc>Logs the given message to the console.</doc>
<status status="PASS" starttime="20220127 14:56:45.378" endtime="20220127 14:56:45.378"/>
</kw>
<kw name="Run Keyword If" library="BuiltIn">
<arg>${COUNT} == 100000</arg>
<arg>Log</arg>
<arg>Acabou o loop!!!</arg>
<doc>Runs the given keyword with the given arguments, if ``condition`` is true.</doc>
<status status="PASS" starttime="20220127 14:56:45.379" endtime="20220127 14:56:45.379"/>
</kw>
<status status="PASS" starttime="20220127 14:56:45.346" endtime="20220127 14:56:45.379"/>
</iter>
<iter>
<var name="${COUNT}">55</var>
<kw name="Click Button" library="SeleniumLibrary">
<arg>${HOME.BTN_ADC_TITULO}</arg>
<doc>Clicks the button identified by ``locator``.</doc>
<msg timestamp="20220127 14:56:45.380" level="INFO">Clicking button 'id=adc_titulo'.</msg>
<status status="PASS" starttime="20220127 14:56:45.379" endtime="20220127 14:56:45.409"/>
</kw>
<kw name="Log To Console" library="BuiltIn">
<arg>Estou no titulo n°: ${COUNT}</arg>
<doc>Logs the given message to the console.</doc>
<status status="PASS" starttime="20220127 14:56:45.409" endtime="20220127 14:56:45.410"/>
</kw>
<kw name="Run Keyword If" library="BuiltIn">
<arg>${COUNT} == 100000</arg>
<arg>Log</arg>
<arg>Acabou o loop!!!</arg>
<doc>Runs the given keyword with the given arguments, if ``condition`` is true.</doc>
<status status="PASS" starttime="20220127 14:56:45.410" endtime="20220127 14:56:45.410"/>
</kw>
<status status="PASS" starttime="20220127 14:56:45.379" endtime="20220127 14:56:45.410"/>
</iter>
<iter>
<var name="${COUNT}">56</var>
<kw name="Click Button" library="SeleniumLibrary">
<arg>${HOME.BTN_ADC_TITULO}</arg>
<doc>Clicks the button identified by ``locator``.</doc>
<msg timestamp="20220127 14:56:45.411" level="INFO">Clicking button 'id=adc_titulo'.</msg>
<status status="PASS" starttime="20220127 14:56:45.410" endtime="20220127 14:56:45.445"/>
</kw>
<kw name="Log To Console" library="BuiltIn">
<arg>Estou no titulo n°: ${COUNT}</arg>
<doc>Logs the given message to the console.</doc>
<status status="PASS" starttime="20220127 14:56:45.445" endtime="20220127 14:56:45.446"/>
</kw>
<kw name="Run Keyword If" library="BuiltIn">
<arg>${COUNT} == 100000</arg>
<arg>Log</arg>
<arg>Acabou o loop!!!</arg>
<doc>Runs the given keyword with the given arguments, if ``condition`` is true.</doc>
<status status="PASS" starttime="20220127 14:56:45.446" endtime="20220127 14:56:45.446"/>
</kw>
<status status="PASS" starttime="20220127 14:56:45.410" endtime="20220127 14:56:45.446"/>
</iter>
<iter>
<var name="${COUNT}">57</var>
<kw name="Click Button" library="SeleniumLibrary">
<arg>${HOME.BTN_ADC_TITULO}</arg>
<doc>Clicks the button identified by ``locator``.</doc>
<msg timestamp="20220127 14:56:45.447" level="INFO">Clicking button 'id=adc_titulo'.</msg>
<status status="PASS" starttime="20220127 14:56:45.446" endtime="20220127 14:56:45.475"/>
</kw>
<kw name="Log To Console" library="BuiltIn">
<arg>Estou no titulo n°: ${COUNT}</arg>
<doc>Logs the given message to the console.</doc>
<status status="PASS" starttime="20220127 14:56:45.475" endtime="20220127 14:56:45.475"/>
</kw>
<kw name="Run Keyword If" library="BuiltIn">
<arg>${COUNT} == 100000</arg>
<arg>Log</arg>
<arg>Acabou o loop!!!</arg>
<doc>Runs the given keyword with the given arguments, if ``condition`` is true.</doc>
<status status="PASS" starttime="20220127 14:56:45.475" endtime="20220127 14:56:45.476"/>
</kw>
<status status="PASS" starttime="20220127 14:56:45.446" endtime="20220127 14:56:45.476"/>
</iter>
<iter>
<var name="${COUNT}">58</var>
<kw name="Click Button" library="SeleniumLibrary">
<arg>${HOME.BTN_ADC_TITULO}</arg>
<doc>Clicks the button identified by ``locator``.</doc>
<msg timestamp="20220127 14:56:45.476" level="INFO">Clicking button 'id=adc_titulo'.</msg>
<status status="PASS" starttime="20220127 14:56:45.476" endtime="20220127 14:56:45.506"/>
</kw>
<kw name="Log To Console" library="BuiltIn">
<arg>Estou no titulo n°: ${COUNT}</arg>
<doc>Logs the given message to the console.</doc>
<status status="PASS" starttime="20220127 14:56:45.506" endtime="20220127 14:56:45.507"/>
</kw>
<kw name="Run Keyword If" library="BuiltIn">
<arg>${COUNT} == 100000</arg>
<arg>Log</arg>
<arg>Acabou o loop!!!</arg>
<doc>Runs the given keyword with the given arguments, if ``condition`` is true.</doc>
<status status="PASS" starttime="20220127 14:56:45.507" endtime="20220127 14:56:45.507"/>
</kw>
<status status="PASS" starttime="20220127 14:56:45.476" endtime="20220127 14:56:45.507"/>
</iter>
<iter>
<var name="${COUNT}">59</var>
<kw name="Click Button" library="SeleniumLibrary">
<arg>${HOME.BTN_ADC_TITULO}</arg>
<doc>Clicks the button identified by ``locator``.</doc>
<msg timestamp="20220127 14:56:45.507" level="INFO">Clicking button 'id=adc_titulo'.</msg>
<status status="PASS" starttime="20220127 14:56:45.507" endtime="20220127 14:56:45.537"/>
</kw>
<kw name="Log To Console" library="BuiltIn">
<arg>Estou no titulo n°: ${COUNT}</arg>
<doc>Logs the given message to the console.</doc>
<status status="PASS" starttime="20220127 14:56:45.537" endtime="20220127 14:56:45.538"/>
</kw>
<kw name="Run Keyword If" library="BuiltIn">
<arg>${COUNT} == 100000</arg>
<arg>Log</arg>
<arg>Acabou o loop!!!</arg>
<doc>Runs the given keyword with the given arguments, if ``condition`` is true.</doc>
<status status="PASS" starttime="20220127 14:56:45.538" endtime="20220127 14:56:45.538"/>
</kw>
<status status="PASS" starttime="20220127 14:56:45.507" endtime="20220127 14:56:45.538"/>
</iter>
<iter>
<var name="${COUNT}">60</var>
<kw name="Click Button" library="SeleniumLibrary">
<arg>${HOME.BTN_ADC_TITULO}</arg>
<doc>Clicks the button identified by ``locator``.</doc>
<msg timestamp="20220127 14:56:45.539" level="INFO">Clicking button 'id=adc_titulo'.</msg>
<status status="PASS" starttime="20220127 14:56:45.538" endtime="20220127 14:56:45.568"/>
</kw>
<kw name="Log To Console" library="BuiltIn">
<arg>Estou no titulo n°: ${COUNT}</arg>
<doc>Logs the given message to the console.</doc>
<status status="PASS" starttime="20220127 14:56:45.568" endtime="20220127 14:56:45.568"/>
</kw>
<kw name="Run Keyword If" library="BuiltIn">
<arg>${COUNT} == 100000</arg>
<arg>Log</arg>
<arg>Acabou o loop!!!</arg>
<doc>Runs the given keyword with the given arguments, if ``condition`` is true.</doc>
<status status="PASS" starttime="20220127 14:56:45.568" endtime="20220127 14:56:45.568"/>
</kw>
<status status="PASS" starttime="20220127 14:56:45.538" endtime="20220127 14:56:45.568"/>
</iter>
<iter>
<var name="${COUNT}">61</var>
<kw name="Click Button" library="SeleniumLibrary">
<arg>${HOME.BTN_ADC_TITULO}</arg>
<doc>Clicks the button identified by ``locator``.</doc>
<msg timestamp="20220127 14:56:45.569" level="INFO">Clicking button 'id=adc_titulo'.</msg>
<status status="PASS" starttime="20220127 14:56:45.568" endtime="20220127 14:56:45.598"/>
</kw>
<kw name="Log To Console" library="BuiltIn">
<arg>Estou no titulo n°: ${COUNT}</arg>
<doc>Logs the given message to the console.</doc>
<status status="PASS" starttime="20220127 14:56:45.598" endtime="20220127 14:56:45.599"/>
</kw>
<kw name="Run Keyword If" library="BuiltIn">
<arg>${COUNT} == 100000</arg>
<arg>Log</arg>
<arg>Acabou o loop!!!</arg>
<doc>Runs the given keyword with the given arguments, if ``condition`` is true.</doc>
<status status="PASS" starttime="20220127 14:56:45.599" endtime="20220127 14:56:45.599"/>
</kw>
<status status="PASS" starttime="20220127 14:56:45.568" endtime="20220127 14:56:45.599"/>
</iter>
<iter>
<var name="${COUNT}">62</var>
<kw name="Click Button" library="SeleniumLibrary">
<arg>${HOME.BTN_ADC_TITULO}</arg>
<doc>Clicks the button identified by ``locator``.</doc>
<msg timestamp="20220127 14:56:45.600" level="INFO">Clicking button 'id=adc_titulo'.</msg>
<status status="PASS" starttime="20220127 14:56:45.599" endtime="20220127 14:56:45.630"/>
</kw>
<kw name="Log To Console" library="BuiltIn">
<arg>Estou no titulo n°: ${COUNT}</arg>
<doc>Logs the given message to the console.</doc>
<status status="PASS" starttime="20220127 14:56:45.631" endtime="20220127 14:56:45.631"/>
</kw>
<kw name="Run Keyword If" library="BuiltIn">
<arg>${COUNT} == 100000</arg>
<arg>Log</arg>
<arg>Acabou o loop!!!</arg>
<doc>Runs the given keyword with the given arguments, if ``condition`` is true.</doc>
<status status="PASS" starttime="20220127 14:56:45.631" endtime="20220127 14:56:45.631"/>
</kw>
<status status="PASS" starttime="20220127 14:56:45.599" endtime="20220127 14:56:45.631"/>
</iter>
<iter>
<var name="${COUNT}">63</var>
<kw name="Click Button" library="SeleniumLibrary">
<arg>${HOME.BTN_ADC_TITULO}</arg>
<doc>Clicks the button identified by ``locator``.</doc>
<msg timestamp="20220127 14:56:45.632" level="INFO">Clicking button 'id=adc_titulo'.</msg>
<status status="PASS" starttime="20220127 14:56:45.632" endtime="20220127 14:56:45.662"/>
</kw>
<kw name="Log To Console" library="BuiltIn">
<arg>Estou no titulo n°: ${COUNT}</arg>
<doc>Logs the given message to the console.</doc>
<status status="PASS" starttime="20220127 14:56:45.662" endtime="20220127 14:56:45.663"/>
</kw>
<kw name="Run Keyword If" library="BuiltIn">
<arg>${COUNT} == 100000</arg>
<arg>Log</arg>
<arg>Acabou o loop!!!</arg>
<doc>Runs the given keyword with the given arguments, if ``condition`` is true.</doc>
<status status="PASS" starttime="20220127 14:56:45.663" endtime="20220127 14:56:45.663"/>
</kw>
<status status="PASS" starttime="20220127 14:56:45.632" endtime="20220127 14:56:45.663"/>
</iter>
<iter>
<var name="${COUNT}">64</var>
<kw name="Click Button" library="SeleniumLibrary">
<arg>${HOME.BTN_ADC_TITULO}</arg>
<doc>Clicks the button identified by ``locator``.</doc>
<msg timestamp="20220127 14:56:45.663" level="INFO">Clicking button 'id=adc_titulo'.</msg>
<status status="PASS" starttime="20220127 14:56:45.663" endtime="20220127 14:56:45.693"/>
</kw>
<kw name="Log To Console" library="BuiltIn">
<arg>Estou no titulo n°: ${COUNT}</arg>
<doc>Logs the given message to the console.</doc>
<status status="PASS" starttime="20220127 14:56:45.693" endtime="20220127 14:56:45.694"/>
</kw>
<kw name="Run Keyword If" library="BuiltIn">
<arg>${COUNT} == 100000</arg>
<arg>Log</arg>
<arg>Acabou o loop!!!</arg>
<doc>Runs the given keyword with the given arguments, if ``condition`` is true.</doc>
<status status="PASS" starttime="20220127 14:56:45.694" endtime="20220127 14:56:45.694"/>
</kw>
<status status="PASS" starttime="20220127 14:56:45.663" endtime="20220127 14:56:45.694"/>
</iter>
<iter>
<var name="${COUNT}">65</var>
<kw name="Click Button" library="SeleniumLibrary">
<arg>${HOME.BTN_ADC_TITULO}</arg>
<doc>Clicks the button identified by ``locator``.</doc>
<msg timestamp="20220127 14:56:45.695" level="INFO">Clicking button 'id=adc_titulo'.</msg>
<status status="PASS" starttime="20220127 14:56:45.694" endtime="20220127 14:56:45.722"/>
</kw>
<kw name="Log To Console" library="BuiltIn">
<arg>Estou no titulo n°: ${COUNT}</arg>
<doc>Logs the given message to the console.</doc>
<status status="PASS" starttime="20220127 14:56:45.724" endtime="20220127 14:56:45.724"/>
</kw>
<kw name="Run Keyword If" library="BuiltIn">
<arg>${COUNT} == 100000</arg>
<arg>Log</arg>
<arg>Acabou o loop!!!</arg>
<doc>Runs the given keyword with the given arguments, if ``condition`` is true.</doc>
<status status="PASS" starttime="20220127 14:56:45.724" endtime="20220127 14:56:45.724"/>
</kw>
<status status="PASS" starttime="20220127 14:56:45.694" endtime="20220127 14:56:45.724"/>
</iter>
<iter>
<var name="${COUNT}">66</var>
<kw name="Click Button" library="SeleniumLibrary">
<arg>${HOME.BTN_ADC_TITULO}</arg>
<doc>Clicks the button identified by ``locator``.</doc>
<msg timestamp="20220127 14:56:45.725" level="INFO">Clicking button 'id=adc_titulo'.</msg>
<status status="PASS" starttime="20220127 14:56:45.724" endtime="20220127 14:56:45.754"/>
</kw>
<kw name="Log To Console" library="BuiltIn">
<arg>Estou no titulo n°: ${COUNT}</arg>
<doc>Logs the given message to the console.</doc>
<status status="PASS" starttime="20220127 14:56:45.755" endtime="20220127 14:56:45.755"/>
</kw>
<kw name="Run Keyword If" library="BuiltIn">
<arg>${COUNT} == 100000</arg>
<arg>Log</arg>
<arg>Acabou o loop!!!</arg>
<doc>Runs the given keyword with the given arguments, if ``condition`` is true.</doc>
<status status="PASS" starttime="20220127 14:56:45.755" endtime="20220127 14:56:45.756"/>
</kw>
<status status="PASS" starttime="20220127 14:56:45.724" endtime="20220127 14:56:45.756"/>
</iter>
<iter>
<var name="${COUNT}">67</var>
<kw name="Click Button" library="SeleniumLibrary">
<arg>${HOME.BTN_ADC_TITULO}</arg>
<doc>Clicks the button identified by ``locator``.</doc>
<msg timestamp="20220127 14:56:45.757" level="INFO">Clicking button 'id=adc_titulo'.</msg>
<status status="PASS" starttime="20220127 14:56:45.756" endtime="20220127 14:56:45.785"/>
</kw>
<kw name="Log To Console" library="BuiltIn">
<arg>Estou no titulo n°: ${COUNT}</arg>
<doc>Logs the given message to the console.</doc>
<status status="PASS" starttime="20220127 14:56:45.785" endtime="20220127 14:56:45.786"/>
</kw>
<kw name="Run Keyword If" library="BuiltIn">
<arg>${COUNT} == 100000</arg>
<arg>Log</arg>
<arg>Acabou o loop!!!</arg>
<doc>Runs the given keyword with the given arguments, if ``condition`` is true.</doc>
<status status="PASS" starttime="20220127 14:56:45.786" endtime="20220127 14:56:45.786"/>
</kw>
<status status="PASS" starttime="20220127 14:56:45.756" endtime="20220127 14:56:45.786"/>
</iter>
<iter>
<var name="${COUNT}">68</var>
<kw name="Click Button" library="SeleniumLibrary">
<arg>${HOME.BTN_ADC_TITULO}</arg>
<doc>Clicks the button identified by ``locator``.</doc>
<msg timestamp="20220127 14:56:45.787" level="INFO">Clicking button 'id=adc_titulo'.</msg>
<status status="PASS" starttime="20220127 14:56:45.786" endtime="20220127 14:56:45.816"/>
</kw>
<kw name="Log To Console" library="BuiltIn">
<arg>Estou no titulo n°: ${COUNT}</arg>
<doc>Logs the given message to the console.</doc>
<status status="PASS" starttime="20220127 14:56:45.816" endtime="20220127 14:56:45.816"/>
</kw>
<kw name="Run Keyword If" library="BuiltIn">
<arg>${COUNT} == 100000</arg>
<arg>Log</arg>
<arg>Acabou o loop!!!</arg>
<doc>Runs the given keyword with the given arguments, if ``condition`` is true.</doc>
<status status="PASS" starttime="20220127 14:56:45.816" endtime="20220127 14:56:45.817"/>
</kw>
<status status="PASS" starttime="20220127 14:56:45.786" endtime="20220127 14:56:45.817"/>
</iter>
<iter>
<var name="${COUNT}">69</var>
<kw name="Click Button" library="SeleniumLibrary">
<arg>${HOME.BTN_ADC_TITULO}</arg>
<doc>Clicks the button identified by ``locator``.</doc>
<msg timestamp="20220127 14:56:45.818" level="INFO">Clicking button 'id=adc_titulo'.</msg>
<status status="PASS" starttime="20220127 14:56:45.817" endtime="20220127 14:56:45.848"/>
</kw>
<kw name="Log To Console" library="BuiltIn">
<arg>Estou no titulo n°: ${COUNT}</arg>
<doc>Logs the given message to the console.</doc>
<status status="PASS" starttime="20220127 14:56:45.848" endtime="20220127 14:56:45.848"/>
</kw>
<kw name="Run Keyword If" library="BuiltIn">
<arg>${COUNT} == 100000</arg>
<arg>Log</arg>
<arg>Acabou o loop!!!</arg>
<doc>Runs the given keyword with the given arguments, if ``condition`` is true.</doc>
<status status="PASS" starttime="20220127 14:56:45.848" endtime="20220127 14:56:45.849"/>
</kw>
<status status="PASS" starttime="20220127 14:56:45.817" endtime="20220127 14:56:45.849"/>
</iter>
<iter>
<var name="${COUNT}">70</var>
<kw name="Click Button" library="SeleniumLibrary">
<arg>${HOME.BTN_ADC_TITULO}</arg>
<doc>Clicks the button identified by ``locator``.</doc>
<msg timestamp="20220127 14:56:45.849" level="INFO">Clicking button 'id=adc_titulo'.</msg>
<status status="PASS" starttime="20220127 14:56:45.849" endtime="20220127 14:56:45.881"/>
</kw>
<kw name="Log To Console" library="BuiltIn">
<arg>Estou no titulo n°: ${COUNT}</arg>
<doc>Logs the given message to the console.</doc>
<status status="PASS" starttime="20220127 14:56:45.881" endtime="20220127 14:56:45.881"/>
</kw>
<kw name="Run Keyword If" library="BuiltIn">
<arg>${COUNT} == 100000</arg>
<arg>Log</arg>
<arg>Acabou o loop!!!</arg>
<doc>Runs the given keyword with the given arguments, if ``condition`` is true.</doc>
<status status="PASS" starttime="20220127 14:56:45.881" endtime="20220127 14:56:45.882"/>
</kw>
<status status="PASS" starttime="20220127 14:56:45.849" endtime="20220127 14:56:45.882"/>
</iter>
<iter>
<var name="${COUNT}">71</var>
<kw name="Click Button" library="SeleniumLibrary">
<arg>${HOME.BTN_ADC_TITULO}</arg>
<doc>Clicks the button identified by ``locator``.</doc>
<msg timestamp="20220127 14:56:45.882" level="INFO">Clicking button 'id=adc_titulo'.</msg>
<status status="PASS" starttime="20220127 14:56:45.882" endtime="20220127 14:56:45.911"/>
</kw>
<kw name="Log To Console" library="BuiltIn">
<arg>Estou no titulo n°: ${COUNT}</arg>
<doc>Logs the given message to the console.</doc>
<status status="PASS" starttime="20220127 14:56:45.911" endtime="20220127 14:56:45.912"/>
</kw>
<kw name="Run Keyword If" library="BuiltIn">
<arg>${COUNT} == 100000</arg>
<arg>Log</arg>
<arg>Acabou o loop!!!</arg>
<doc>Runs the given keyword with the given arguments, if ``condition`` is true.</doc>
<status status="PASS" starttime="20220127 14:56:45.912" endtime="20220127 14:56:45.912"/>
</kw>
<status status="PASS" starttime="20220127 14:56:45.882" endtime="20220127 14:56:45.912"/>
</iter>
<iter>
<var name="${COUNT}">72</var>
<kw name="Click Button" library="SeleniumLibrary">
<arg>${HOME.BTN_ADC_TITULO}</arg>
<doc>Clicks the button identified by ``locator``.</doc>
<msg timestamp="20220127 14:56:45.913" level="INFO">Clicking button 'id=adc_titulo'.</msg>
<status status="PASS" starttime="20220127 14:56:45.912" endtime="20220127 14:56:45.942"/>
</kw>
<kw name="Log To Console" library="BuiltIn">
<arg>Estou no titulo n°: ${COUNT}</arg>
<doc>Logs the given message to the console.</doc>
<status status="PASS" starttime="20220127 14:56:45.942" endtime="20220127 14:56:45.943"/>
</kw>
<kw name="Run Keyword If" library="BuiltIn">
<arg>${COUNT} == 100000</arg>
<arg>Log</arg>
<arg>Acabou o loop!!!</arg>
<doc>Runs the given keyword with the given arguments, if ``condition`` is true.</doc>
<status status="PASS" starttime="20220127 14:56:45.943" endtime="20220127 14:56:45.943"/>
</kw>
<status status="PASS" starttime="20220127 14:56:45.912" endtime="20220127 14:56:45.943"/>
</iter>
<iter>
<var name="${COUNT}">73</var>
<kw name="Click Button" library="SeleniumLibrary">
<arg>${HOME.BTN_ADC_TITULO}</arg>
<doc>Clicks the button identified by ``locator``.</doc>
<msg timestamp="20220127 14:56:45.944" level="INFO">Clicking button 'id=adc_titulo'.</msg>
<status status="PASS" starttime="20220127 14:56:45.943" endtime="20220127 14:56:45.974"/>
</kw>
<kw name="Log To Console" library="BuiltIn">
<arg>Estou no titulo n°: ${COUNT}</arg>
<doc>Logs the given message to the console.</doc>
<status status="PASS" starttime="20220127 14:56:45.974" endtime="20220127 14:56:45.975"/>
</kw>
<kw name="Run Keyword If" library="BuiltIn">
<arg>${COUNT} == 100000</arg>
<arg>Log</arg>
<arg>Acabou o loop!!!</arg>
<doc>Runs the given keyword with the given arguments, if ``condition`` is true.</doc>
<status status="PASS" starttime="20220127 14:56:45.975" endtime="20220127 14:56:45.975"/>
</kw>
<status status="PASS" starttime="20220127 14:56:45.943" endtime="20220127 14:56:45.975"/>
</iter>
<iter>
<var name="${COUNT}">74</var>
<kw name="Click Button" library="SeleniumLibrary">
<arg>${HOME.BTN_ADC_TITULO}</arg>
<doc>Clicks the button identified by ``locator``.</doc>
<msg timestamp="20220127 14:56:45.975" level="INFO">Clicking button 'id=adc_titulo'.</msg>
<status status="PASS" starttime="20220127 14:56:45.975" endtime="20220127 14:56:46.004"/>
</kw>
<kw name="Log To Console" library="BuiltIn">
<arg>Estou no titulo n°: ${COUNT}</arg>
<doc>Logs the given message to the console.</doc>
<status status="PASS" starttime="20220127 14:56:46.005" endtime="20220127 14:56:46.006"/>
</kw>
<kw name="Run Keyword If" library="BuiltIn">
<arg>${COUNT} == 100000</arg>
<arg>Log</arg>
<arg>Acabou o loop!!!</arg>
<doc>Runs the given keyword with the given arguments, if ``condition`` is true.</doc>
<status status="PASS" starttime="20220127 14:56:46.006" endtime="20220127 14:56:46.006"/>
</kw>
<status status="PASS" starttime="20220127 14:56:45.975" endtime="20220127 14:56:46.006"/>
</iter>
<iter>
<var name="${COUNT}">75</var>
<kw name="Click Button" library="SeleniumLibrary">
<arg>${HOME.BTN_ADC_TITULO}</arg>
<doc>Clicks the button identified by ``locator``.</doc>
<msg timestamp="20220127 14:56:46.006" level="INFO">Clicking button 'id=adc_titulo'.</msg>
<status status="PASS" starttime="20220127 14:56:46.006" endtime="20220127 14:56:46.038"/>
</kw>
<kw name="Log To Console" library="BuiltIn">
<arg>Estou no titulo n°: ${COUNT}</arg>
<doc>Logs the given message to the console.</doc>
<status status="PASS" starttime="20220127 14:56:46.038" endtime="20220127 14:56:46.039"/>
</kw>
<kw name="Run Keyword If" library="BuiltIn">
<arg>${COUNT} == 100000</arg>
<arg>Log</arg>
<arg>Acabou o loop!!!</arg>
<doc>Runs the given keyword with the given arguments, if ``condition`` is true.</doc>
<status status="PASS" starttime="20220127 14:56:46.039" endtime="20220127 14:56:46.039"/>
</kw>
<status status="PASS" starttime="20220127 14:56:46.006" endtime="20220127 14:56:46.039"/>
</iter>
<iter>
<var name="${COUNT}">76</var>
<kw name="Click Button" library="SeleniumLibrary">
<arg>${HOME.BTN_ADC_TITULO}</arg>
<doc>Clicks the button identified by ``locator``.</doc>
<msg timestamp="20220127 14:56:46.039" level="INFO">Clicking button 'id=adc_titulo'.</msg>
<status status="PASS" starttime="20220127 14:56:46.039" endtime="20220127 14:56:46.068"/>
</kw>
<kw name="Log To Console" library="BuiltIn">
<arg>Estou no titulo n°: ${COUNT}</arg>
<doc>Logs the given message to the console.</doc>
<status status="PASS" starttime="20220127 14:56:46.068" endtime="20220127 14:56:46.068"/>
</kw>
<kw name="Run Keyword If" library="BuiltIn">
<arg>${COUNT} == 100000</arg>
<arg>Log</arg>
<arg>Acabou o loop!!!</arg>
<doc>Runs the given keyword with the given arguments, if ``condition`` is true.</doc>
<status status="PASS" starttime="20220127 14:56:46.069" endtime="20220127 14:56:46.069"/>
</kw>
<status status="PASS" starttime="20220127 14:56:46.039" endtime="20220127 14:56:46.069"/>
</iter>
<iter>
<var name="${COUNT}">77</var>
<kw name="Click Button" library="SeleniumLibrary">
<arg>${HOME.BTN_ADC_TITULO}</arg>
<doc>Clicks the button identified by ``locator``.</doc>
<msg timestamp="20220127 14:56:46.070" level="INFO">Clicking button 'id=adc_titulo'.</msg>
<status status="PASS" starttime="20220127 14:56:46.069" endtime="20220127 14:56:46.101"/>
</kw>
<kw name="Log To Console" library="BuiltIn">
<arg>Estou no titulo n°: ${COUNT}</arg>
<doc>Logs the given message to the console.</doc>
<status status="PASS" starttime="20220127 14:56:46.102" endtime="20220127 14:56:46.102"/>
</kw>
<kw name="Run Keyword If" library="BuiltIn">
<arg>${COUNT} == 100000</arg>
<arg>Log</arg>
<arg>Acabou o loop!!!</arg>
<doc>Runs the given keyword with the given arguments, if ``condition`` is true.</doc>
<status status="PASS" starttime="20220127 14:56:46.102" endtime="20220127 14:56:46.102"/>
</kw>
<status status="PASS" starttime="20220127 14:56:46.069" endtime="20220127 14:56:46.103"/>
</iter>
<iter>
<var name="${COUNT}">78</var>
<kw name="Click Button" library="SeleniumLibrary">
<arg>${HOME.BTN_ADC_TITULO}</arg>
<doc>Clicks the button identified by ``locator``.</doc>
[...]
<status status="PASS" starttime="20220127 14:56:50.104" endtime="20220127 14:56:50.135"/>
</kw>
<kw name="Log To Console" library="BuiltIn">
<arg>Estou no titulo n°: ${COUNT}</arg>
<doc>Logs the given message to the console.</doc>
<status status="PASS" starttime="20220127 14:56:50.135" endtime="20220127 14:56:50.136"/>
</kw>
<kw name="Run Keyword If" library="BuiltIn">
<arg>${COUNT} == 100000</arg>
<arg>Log</arg>
<arg>Acabou o loop!!!</arg>
<doc>Runs the given keyword with the given arguments, if ``condition`` is true.</doc>
<status status="PASS" starttime="20220127 14:56:50.136" endtime="20220127 14:56:50.137"/>
</kw>
<status status="PASS" starttime="20220127 14:56:50.103" endtime="20220127 14:56:50.137"/>
</iter>
<iter>
<var name="${COUNT}">203</var>
<kw name="Click Button" library="SeleniumLibrary">
<arg>${HOME.BTN_ADC_TITULO}</arg>
<doc>Clicks the button identified by ``locator``.</doc>
<msg timestamp="20220127 14:56:50.138" level="INFO">Clicking button 'id=adc_titulo'.</msg>
<status status="PASS" starttime="20220127 14:56:50.137" endtime="20220127 14:56:50.168"/>
</kw>
<kw name="Log To Console" library="BuiltIn">
<arg>Estou no titulo n°: ${COUNT}</arg>
<doc>Logs the given message to the console.</doc>
<status status="PASS" starttime="20220127 14:56:50.168" endtime="20220127 14:56:50.168"/>
</kw>
<kw name="Run Keyword If" library="BuiltIn">
<arg>${COUNT} == 100000</arg>
<arg>Log</arg>
<arg>Acabou o loop!!!</arg>
<doc>Runs the given keyword with the given arguments, if ``condition`` is true.</doc>
<status status="PASS" starttime="20220127 14:56:50.169" endtime="20220127 14:56:50.169"/>
</kw>
<status status="PASS" starttime="20220127 14:56:50.137" endtime="20220127 14:56:50.169"/>
</iter>
<iter>
<var name="${COUNT}">204</var>
<kw name="Click Button" library="SeleniumLibrary">
<arg>${HOME.BTN_ADC_TITULO}</arg>
<doc>Clicks the button identified by ``locator``.</doc>
<msg timestamp="20220127 14:56:50.170" level="INFO">Clicking button 'id=adc_titulo'.</msg>
<status status="PASS" starttime="20220127 14:56:50.169" endtime="20220127 14:56:50.199"/>
</kw>
<kw name="Log To Console" library="BuiltIn">
<arg>Estou no titulo n°: ${COUNT}</arg>
<doc>Logs the given message to the console.</doc>
<status status="PASS" starttime="20220127 14:56:50.200" endtime="20220127 14:56:50.200"/>
</kw>
<kw name="Run Keyword If" library="BuiltIn">
<arg>${COUNT} == 100000</arg>
<arg>Log</arg>
<arg>Acabou o loop!!!</arg>
<doc>Runs the given keyword with the given arguments, if ``condition`` is true.</doc>
<status status="PASS" starttime="20220127 14:56:50.201" endtime="20220127 14:56:50.201"/>
</kw>
<status status="PASS" starttime="20220127 14:56:50.169" endtime="20220127 14:56:50.201"/>
</iter>
<iter>
<var name="${COUNT}">205</var>
<kw name="Click Button" library="SeleniumLibrary">
<arg>${HOME.BTN_ADC_TITULO}</arg>
<doc>Clicks the button identified by ``locator``.</doc>
<msg timestamp="20220127 14:56:50.202" level="INFO">Clicking button 'id=adc_titulo'.</msg>
<status status="PASS" starttime="20220127 14:56:50.201" endtime="20220127 14:56:50.228"/>
</kw>
<kw name="Log To Console" library="BuiltIn">
<arg>Estou no titulo n°: ${COUNT}</arg>
<doc>Logs the given message to the console.</doc>
<status status="PASS" starttime="20220127 14:56:50.228" endtime="20220127 14:56:50.228"/>
</kw>
<kw name="Run Keyword If" library="BuiltIn">
<arg>${COUNT} == 100000</arg>
<arg>Log</arg>
<arg>Acabou o loop!!!</arg>
<doc>Runs the given keyword with the given arguments, if ``condition`` is true.</doc>
<status status="PASS" starttime="20220127 14:56:50.228" endtime="20220127 14:56:50.229"/>
</kw>
<status status="PASS" starttime="20220127 14:56:50.201" endtime="20220127 14:56:50.229"/>
</iter>
<iter>
<var name="${COUNT}">206</var>
<kw name="Click Button" library="SeleniumLibrary">
<arg>${HOME.BTN_ADC_TITULO}</arg>
<doc>Clicks the button identified by ``locator``.</doc>
<msg timestamp="20220127 14:56:50.230" level="INFO">Clicking button 'id=adc_titulo'.</msg>
<status status="PASS" starttime="20220127 14:56:50.230" endtime="20220127 14:56:50.258"/>
</kw>
<kw name="Log To Console" library="BuiltIn">
<arg>Estou no titulo n°: ${COUNT}</arg>
<doc>Logs the given message to the console.</doc>
<status status="PASS" starttime="20220127 14:56:50.258" endtime="20220127 14:56:50.259"/>
</kw>
<kw name="Run Keyword If" library="BuiltIn">
<arg>${COUNT} == 100000</arg>
<arg>Log</arg>
<arg>Acabou o loop!!!</arg>
<doc>Runs the given keyword with the given arguments, if ``condition`` is true.</doc>
<status status="PASS" starttime="20220127 14:56:50.259" endtime="20220127 14:56:50.259"/>
</kw>
<status status="PASS" starttime="20220127 14:56:50.230" endtime="20220127 14:56:50.259"/>
</iter>
<iter>
<var name="${COUNT}">207</var>
<kw name="Click Button" library="SeleniumLibrary">
<arg>${HOME.BTN_ADC_TITULO}</arg>
<doc>Clicks the button identified by ``locator``.</doc>
<msg timestamp="20220127 14:56:50.260" level="INFO">Clicking button 'id=adc_titulo'.</msg>
<status status="PASS" starttime="20220127 14:56:50.259" endtime="20220127 14:56:50.289"/>
</kw>
<kw name="Log To Console" library="BuiltIn">
<arg>Estou no titulo n°: ${COUNT}</arg>
<doc>Logs the given message to the console.</doc>
<status status="PASS" starttime="20220127 14:56:50.289" endtime="20220127 14:56:50.289"/>
</kw>
<kw name="Run Keyword If" library="BuiltIn">
<arg>${COUNT} == 100000</arg>
<arg>Log</arg>
<arg>Acabou o loop!!!</arg>
<doc>Runs the given keyword with the given arguments, if ``condition`` is true.</doc>
<status status="PASS" starttime="20220127 14:56:50.289" endtime="20220127 14:56:50.290"/>
</kw>
<status status="PASS" starttime="20220127 14:56:50.259" endtime="20220127 14:56:50.290"/>
</iter>
<iter>
<var name="${COUNT}">208</var>
<kw name="Click Button" library="SeleniumLibrary">
<arg>${HOME.BTN_ADC_TITULO}</arg>
<doc>Clicks the button identified by ``locator``.</doc>
<msg timestamp="20220127 14:56:50.290" level="INFO">Clicking button 'id=adc_titulo'.</msg>
<status status="PASS" starttime="20220127 14:56:50.290" endtime="20220127 14:56:50.321"/>
</kw>
<kw name="Log To Console" library="BuiltIn">
<arg>Estou no titulo n°: ${COUNT}</arg>
<doc>Logs the given message to the console.</doc>
<status status="PASS" starttime="20220127 14:56:50.321" endtime="20220127 14:56:50.322"/>
</kw>
<kw name="Run Keyword If" library="BuiltIn">
<arg>${COUNT} == 100000</arg>
<arg>Log</arg>
<arg>Acabou o loop!!!</arg>
<doc>Runs the given keyword with the given arguments, if ``condition`` is true.</doc>
<status status="PASS" starttime="20220127 14:56:50.322" endtime="20220127 14:56:50.322"/>
</kw>
<status status="PASS" starttime="20220127 14:56:50.290" endtime="20220127 14:56:50.322"/>
</iter>
<iter>
<var name="${COUNT}">209</var>
<kw name="Click Button" library="SeleniumLibrary">
<arg>${HOME.BTN_ADC_TITULO}</arg>
<doc>Clicks the button identified by ``locator``.</doc>
<msg timestamp="20220127 14:56:50.322" level="INFO">Clicking button 'id=adc_titulo'.</msg>
<status status="PASS" starttime="20220127 14:56:50.322" endtime="20220127 14:56:50.353"/>
</kw>
<kw name="Log To Console" library="BuiltIn">
<arg>Estou no titulo n°: ${COUNT}</arg>
<doc>Logs the given message to the console.</doc>
<status status="PASS" starttime="20220127 14:56:50.353" endtime="20220127 14:56:50.353"/>
</kw>
<kw name="Run Keyword If" library="BuiltIn">
<arg>${COUNT} == 100000</arg>
<arg>Log</arg>
<arg>Acabou o loop!!!</arg>
<doc>Runs the given keyword with the given arguments, if ``condition`` is true.</doc>
<status status="PASS" starttime="20220127 14:56:50.354" endtime="20220127 14:56:50.354"/>
</kw>
<status status="PASS" starttime="20220127 14:56:50.322" endtime="20220127 14:56:50.354"/>
</iter>
<iter>
<var name="${COUNT}">210</var>
<kw name="Click Button" library="SeleniumLibrary">
<arg>${HOME.BTN_ADC_TITULO}</arg>
<doc>Clicks the button identified by ``locator``.</doc>
<msg timestamp="20220127 14:56:50.355" level="INFO">Clicking button 'id=adc_titulo'.</msg>
<status status="PASS" starttime="20220127 14:56:50.354" endtime="20220127 14:56:50.384"/>
</kw>
<kw name="Log To Console" library="BuiltIn">
<arg>Estou no titulo n°: ${COUNT}</arg>
<doc>Logs the given message to the console.</doc>
<status status="PASS" starttime="20220127 14:56:50.384" endtime="20220127 14:56:50.385"/>
</kw>
<kw name="Run Keyword If" library="BuiltIn">
<arg>${COUNT} == 100000</arg>
<arg>Log</arg>
<arg>Acabou o loop!!!</arg>
<doc>Runs the given keyword with the given arguments, if ``condition`` is true.</doc>
<status status="PASS" starttime="20220127 14:56:50.385" endtime="20220127 14:56:50.385"/>
</kw>
<status status="PASS" starttime="20220127 14:56:50.354" endtime="20220127 14:56:50.385"/>
</iter>
<iter>
<var name="${COUNT}">211</var>
<kw name="Click Button" library="SeleniumLibrary">
<arg>${HOME.BTN_ADC_TITULO}</arg>
<doc>Clicks the button identified by ``locator``.</doc>
<msg timestamp="20220127 14:56:50.386" level="INFO">Clicking button 'id=adc_titulo'.</msg>
<status status="PASS" starttime="20220127 14:56:50.385" endtime="20220127 14:56:50.416"/>
</kw>
<kw name="Log To Console" library="BuiltIn">
<arg>Estou no titulo n°: ${COUNT}</arg>
<doc>Logs the given message to the console.</doc>
<status status="PASS" starttime="20220127 14:56:50.416" endtime="20220127 14:56:50.417"/>
</kw>
<kw name="Run Keyword If" library="BuiltIn">
<arg>${COUNT} == 100000</arg>
<arg>Log</arg>
<arg>Acabou o loop!!!</arg>
<doc>Runs the given keyword with the given arguments, if ``condition`` is true.</doc>
<status status="PASS" starttime="20220127 14:56:50.417" endtime="20220127 14:56:50.417"/>
</kw>
<status status="PASS" starttime="20220127 14:56:50.385" endtime="20220127 14:56:50.417"/>
</iter>
<iter>
<var name="${COUNT}">212</var>
<kw name="Click Button" library="SeleniumLibrary">
<arg>${HOME.BTN_ADC_TITULO}</arg>
<doc>Clicks the button identified by ``locator``.</doc>
<msg timestamp="20220127 14:56:50.418" level="INFO">Clicking button 'id=adc_titulo'.</msg>
<status status="PASS" starttime="20220127 14:56:50.417" endtime="20220127 14:56:50.448"/>
</kw>
<kw name="Log To Console" library="BuiltIn">
<arg>Estou no titulo n°: ${COUNT}</arg>
<doc>Logs the given message to the console.</doc>
<status status="PASS" starttime="20220127 14:56:50.448" endtime="20220127 14:56:50.449"/>
</kw>
<kw name="Run Keyword If" library="BuiltIn">
<arg>${COUNT} == 100000</arg>
<arg>Log</arg>
<arg>Acabou o loop!!!</arg>
<doc>Runs the given keyword with the given arguments, if ``condition`` is true.</doc>
<status status="PASS" starttime="20220127 14:56:50.449" endtime="20220127 14:56:50.450"/>
</kw>
<status status="PASS" starttime="20220127 14:56:50.417" endtime="20220127 14:56:50.450"/>
</iter>
<iter>
<var name="${COUNT}">213</var>
<kw name="Click Button" library="SeleniumLibrary">
<arg>${HOME.BTN_ADC_TITULO}</arg>
<doc>Clicks the button identified by ``locator``.</doc>
<msg timestamp="20220127 14:56:50.451" level="INFO">Clicking button 'id=adc_titulo'.</msg>
<status status="PASS" starttime="20220127 14:56:50.450" endtime="20220127 14:56:50.482"/>
</kw>
<kw name="Log To Console" library="BuiltIn">
<arg>Estou no titulo n°: ${COUNT}</arg>
<doc>Logs the given message to the console.</doc>
<status status="PASS" starttime="20220127 14:56:50.482" endtime="20220127 14:56:50.483"/>
</kw>
<kw name="Run Keyword If" library="BuiltIn">
<arg>${COUNT} == 100000</arg>
<arg>Log</arg>
<arg>Acabou o loop!!!</arg>
<doc>Runs the given keyword with the given arguments, if ``condition`` is true.</doc>
<status status="PASS" starttime="20220127 14:56:50.483" endtime="20220127 14:56:50.483"/>
</kw>
<status status="PASS" starttime="20220127 14:56:50.450" endtime="20220127 14:56:50.483"/>
</iter>
<iter>
<var name="${COUNT}">214</var>
<kw name="Click Button" library="SeleniumLibrary">
<arg>${HOME.BTN_ADC_TITULO}</arg>
<doc>Clicks the button identified by ``locator``.</doc>
<msg timestamp="20220127 14:56:50.484" level="INFO">Clicking button 'id=adc_titulo'.</msg>
<status status="PASS" starttime="20220127 14:56:50.483" endtime="20220127 14:56:50.513"/>
</kw>
<kw name="Log To Console" library="BuiltIn">
<arg>Estou no titulo n°: ${COUNT}</arg>
<doc>Logs the given message to the console.</doc>
<status status="PASS" starttime="20220127 14:56:50.513" endtime="20220127 14:56:50.514"/>
</kw>
<kw name="Run Keyword If" library="BuiltIn">
<arg>${COUNT} == 100000</arg>
<arg>Log</arg>
<arg>Acabou o loop!!!</arg>
<doc>Runs the given keyword with the given arguments, if ``condition`` is true.</doc>
<status status="PASS" starttime="20220127 14:56:50.514" endtime="20220127 14:56:50.514"/>
</kw>
<status status="PASS" starttime="20220127 14:56:50.483" endtime="20220127 14:56:50.515"/>
</iter>
<iter>
<var name="${COUNT}">215</var>
<kw name="Click Button" library="SeleniumLibrary">
<arg>${HOME.BTN_ADC_TITULO}</arg>
<doc>Clicks the button identified by ``locator``.</doc>
<msg timestamp="20220127 14:56:50.515" level="INFO">Clicking button 'id=adc_titulo'.</msg>
<status status="PASS" starttime="20220127 14:56:50.515" endtime="20220127 14:56:50.543"/>
</kw>
<kw name="Log To Console" library="BuiltIn">
<arg>Estou no titulo n°: ${COUNT}</arg>
<doc>Logs the given message to the console.</doc>
<status status="PASS" starttime="20220127 14:56:50.543" endtime="20220127 14:56:50.544"/>
</kw>
<kw name="Run Keyword If" library="BuiltIn">
<arg>${COUNT} == 100000</arg>
<arg>Log</arg>
<arg>Acabou o loop!!!</arg>
<doc>Runs the given keyword with the given arguments, if ``condition`` is true.</doc>
<status status="PASS" starttime="20220127 14:56:50.544" endtime="20220127 14:56:50.544"/>
</kw>
<status status="PASS" starttime="20220127 14:56:50.515" endtime="20220127 14:56:50.544"/>
</iter>
<iter>
<var name="${COUNT}">216</var>
<kw name="Click Button" library="SeleniumLibrary">
<arg>${HOME.BTN_ADC_TITULO}</arg>
<doc>Clicks the button identified by ``locator``.</doc>
<msg timestamp="20220127 14:56:50.545" level="INFO">Clicking button 'id=adc_titulo'.</msg>
<status status="PASS" starttime="20220127 14:56:50.545" endtime="20220127 14:56:50.574"/>
</kw>
<kw name="Log To Console" library="BuiltIn">
<arg>Estou no titulo n°: ${COUNT}</arg>
<doc>Logs the given message to the console.</doc>
<status status="PASS" starttime="20220127 14:56:50.574" endtime="20220127 14:56:50.575"/>
</kw>
<kw name="Run Keyword If" library="BuiltIn">
<arg>${COUNT} == 100000</arg>
<arg>Log</arg>
<arg>Acabou o loop!!!</arg>
<doc>Runs the given keyword with the given arguments, if ``condition`` is true.</doc>
<status status="PASS" starttime="20220127 14:56:50.575" endtime="20220127 14:56:50.575"/>
</kw>
<status status="PASS" starttime="20220127 14:56:50.544" endtime="20220127 14:56:50.575"/>
</iter>
<iter>
<var name="${COUNT}">217</var>
<kw name="Click Button" library="SeleniumLibrary">
<arg>${HOME.BTN_ADC_TITULO}</arg>
<doc>Clicks the button identified by ``locator``.</doc>
<msg timestamp="20220127 14:56:50.576" level="INFO">Clicking button 'id=adc_titulo'.</msg>
<status status="PASS" starttime="20220127 14:56:50.576" endtime="20220127 14:56:50.605"/>
</kw>
<kw name="Log To Console" library="BuiltIn">
<arg>Estou no titulo n°: ${COUNT}</arg>
<doc>Logs the given message to the console.</doc>
<status status="PASS" starttime="20220127 14:56:50.605" endtime="20220127 14:56:50.606"/>
</kw>
<kw name="Run Keyword If" library="BuiltIn">
<arg>${COUNT} == 100000</arg>
<arg>Log</arg>
<arg>Acabou o loop!!!</arg>
<doc>Runs the given keyword with the given arguments, if ``condition`` is true.</doc>
<status status="PASS" starttime="20220127 14:56:50.606" endtime="20220127 14:56:50.606"/>
</kw>
<status status="PASS" starttime="20220127 14:56:50.575" endtime="20220127 14:56:50.606"/>
</iter>
<iter>
<var name="${COUNT}">218</var>
<kw name="Click Button" library="SeleniumLibrary">
<arg>${HOME.BTN_ADC_TITULO}</arg>
<doc>Clicks the button identified by ``locator``.</doc>
<msg timestamp="20220127 14:56:50.607" level="INFO">Clicking button 'id=adc_titulo'.</msg>
<status status="PASS" starttime="20220127 14:56:50.606" endtime="20220127 14:56:50.637"/>
</kw>
<kw name="Log To Console" library="BuiltIn">
<arg>Estou no titulo n°: ${COUNT}</arg>
<doc>Logs the given message to the console.</doc>
<status status="PASS" starttime="20220127 14:56:50.637" endtime="20220127 14:56:50.639"/>
</kw>
<kw name="Run Keyword If" library="BuiltIn">
<arg>${COUNT} == 100000</arg>
<arg>Log</arg>
<arg>Acabou o loop!!!</arg>
<doc>Runs the given keyword with the given arguments, if ``condition`` is true.</doc>
<status status="PASS" starttime="20220127 14:56:50.639" endtime="20220127 14:56:50.639"/>
</kw>
<status status="PASS" starttime="20220127 14:56:50.606" endtime="20220127 14:56:50.639"/>
</iter>
<iter>
<var name="${COUNT}">219</var>
<kw name="Click Button" library="SeleniumLibrary">
<arg>${HOME.BTN_ADC_TITULO}</arg>
<doc>Clicks the button identified by ``locator``.</doc>
<msg timestamp="20220127 14:56:50.639" level="INFO">Clicking button 'id=adc_titulo'.</msg>
<status status="PASS" starttime="20220127 14:56:50.639" endtime="20220127 14:56:50.670"/>
</kw>
<kw name="Log To Console" library="BuiltIn">
<arg>Estou no titulo n°: ${COUNT}</arg>
<doc>Logs the given message to the console.</doc>
<status status="PASS" starttime="20220127 14:56:50.670" endtime="20220127 14:56:50.671"/>
</kw>
<kw name="Run Keyword If" library="BuiltIn">
<arg>${COUNT} == 100000</arg>
<arg>Log</arg>
<arg>Acabou o loop!!!</arg>
<doc>Runs the given keyword with the given arguments, if ``condition`` is true.</doc>
<status status="PASS" starttime="20220127 14:56:50.671" endtime="20220127 14:56:50.671"/>
</kw>
<status status="PASS" starttime="20220127 14:56:50.639" endtime="20220127 14:56:50.671"/>
</iter>
<iter>
<var name="${COUNT}">220</var>
<kw name="Click Button" library="SeleniumLibrary">
<arg>${HOME.BTN_ADC_TITULO}</arg>
<doc>Clicks the button identified by ``locator``.</doc>
<msg timestamp="20220127 14:56:50.672" level="INFO">Clicking button 'id=adc_titulo'.</msg>
<kw name="Capture Page Screenshot" library="SeleniumLibrary">
<doc>Takes a screenshot of the current page and embeds it into a log file.</doc>
<status status="FAIL" starttime="20220127 14:56:50.698" endtime="20220127 14:56:50.698"/>
</kw>
<msg timestamp="20220127 14:56:50.699" level="WARN">Keyword 'Capture Page Screenshot' could not be run on failure: Execution terminated by signal</msg>
<status status="FAIL" starttime="20220127 14:56:50.671" endtime="20220127 14:56:50.700"/>
</kw>
<kw name="Log To Console" library="BuiltIn">
<arg>Estou no titulo n°: ${COUNT}</arg>
<doc>Logs the given message to the console.</doc>
<status status="NOT RUN" starttime="20220127 14:56:50.700" endtime="20220127 14:56:50.700"/>
</kw>
<kw name="Run Keyword If" library="BuiltIn">
<arg>${COUNT} == 100000</arg>
<arg>Log</arg>
<arg>Acabou o loop!!!</arg>
<doc>Runs the given keyword with the given arguments, if ``condition`` is true.</doc>
<status status="NOT RUN" starttime="20220127 14:56:50.700" endtime="20220127 14:56:50.700"/>
</kw>
<status status="FAIL" starttime="20220127 14:56:50.671" endtime="20220127 14:56:50.700"/>
</iter>
<status status="FAIL" starttime="20220127 14:56:43.647" endtime="20220127 14:56:50.701"/>
</for>
<status status="FAIL" starttime="20220127 14:56:43.647" endtime="20220127 14:56:50.701"/>
</kw>
<tag>GeradorDeArquivos</tag>
<status status="FAIL" starttime="20220127 14:56:41.996" endtime="20220127 14:56:50.702">Execution terminated by signal</status>
</test>
<doc>Aqui estarão presentes os cases de testes.</doc>
<status status="FAIL" starttime="20220127 14:56:41.801" endtime="20220127 14:56:50.703"/>
</suite>
<statistics>
<total>
<stat pass="0" fail="1" skip="0">All Tests</stat>
</total>
<tag>
<stat pass="0" fail="1" skip="0">GeradorDeArquivos</stat>
</tag>
<suite>
<stat pass="0" fail="1" skip="0" id="s1" name="Webautomation">Webautomation</stat>
</suite>
</statistics>
<errors>
<msg timestamp="20220127 14:56:50.699" level="WARN">Keyword 'Capture Page Screenshot' could not be run on failure: Execution terminated by signal</msg>
</errors>
</robot>
